#
# There is insufficient memory for the Java Runtime Environment to continue.
# Native memory allocation (malloc) failed to allocate 1609216 bytes for Chunk::new
# Possible reasons:
#   The system is out of physical RAM or swap space
#   In 32 bit mode, the process size limit was hit
# Possible solutions:
#   Reduce memory load on the system
#   Increase physical memory or swap space
#   Check if swap backing store is full
#   Use 64 bit Java on a 64 bit OS
#   Decrease Java heap size (-Xmx/-Xms)
#   Decrease number of Java threads
#   Decrease Java thread stack sizes (-Xss)
#   Set larger code cache with -XX:ReservedCodeCacheSize=
# This output file may be truncated or incomplete.
#
#  Out of Memory Error (allocation.cpp:390), pid=31588, tid=31696
#
# JRE version: Java(TM) SE Runtime Environment (8.0_91-b14) (build 1.8.0_91-b14)
# Java VM: Java HotSpot(TM) 64-Bit Server VM (25.91-b14 mixed mode windows-amd64 compressed oops)
# Failed to write core dump. Minidumps are not enabled by default on client versions of Windows
#

---------------  T H R E A D  ---------------

Current thread (0x0000000018d4b000):  JavaThread "C2 CompilerThread0" daemon [_thread_in_native, id=31696, stack(0x00000000193e0000,0x00000000194e0000)]

Stack: [0x00000000193e0000,0x00000000194e0000]
[error occurred during error reporting (printing stack bounds), id 0xc0000005]

Native frames: (J=compiled Java code, j=interpreted, Vv=VM code, C=native code)


Current CompileTask:
C2:   1409 1482       4       com.sun.tools.javac.comp.Resolve::findIdentInPackage (111 bytes)


---------------  P R O C E S S  ---------------

Java Threads: ( => current thread )
  0x0000000018de5000 JavaThread "Service Thread" daemon [_thread_blocked, id=31240, stack(0x0000000019800000,0x0000000019900000)]
  0x0000000018d70000 JavaThread "C1 CompilerThread2" daemon [_thread_blocked, id=30932, stack(0x00000000194f0000,0x00000000195f0000)]
  0x0000000018d68000 JavaThread "C2 CompilerThread1" daemon [_thread_in_native, id=29224, stack(0x0000000019600000,0x0000000019700000)]
=>0x0000000018d4b000 JavaThread "C2 CompilerThread0" daemon [_thread_in_native, id=31696, stack(0x00000000193e0000,0x00000000194e0000)]
  0x0000000018d48800 JavaThread "Attach Listener" daemon [_thread_blocked, id=29824, stack(0x0000000019210000,0x0000000019310000)]
  0x00000000178cf800 JavaThread "Signal Dispatcher" daemon [_thread_blocked, id=31444, stack(0x0000000018b10000,0x0000000018c10000)]
  0x00000000178a9800 JavaThread "Finalizer" daemon [_thread_blocked, id=30012, stack(0x0000000018c40000,0x0000000018d40000)]
  0x0000000017862800 JavaThread "Reference Handler" daemon [_thread_blocked, id=29756, stack(0x0000000018990000,0x0000000018a90000)]
  0x0000000001dde800 JavaThread "main" [_thread_in_vm, id=27928, stack(0x0000000002930000,0x0000000002a30000)]

Other Threads:
  0x000000001785b000 VMThread [stack: 0x0000000018890000,0x0000000018990000] [id=27812]
  0x0000000018e13000 WatcherThread [stack: 0x0000000019a30000,0x0000000019b30000] [id=28328]

VM state:not at safepoint (normal execution)

VM Mutex/Monitor currently owned by a thread: None

Heap:
 PSYoungGen      total 28160K, used 14220K [0x00000000d5e00000, 0x00000000d8100000, 0x0000000100000000)
  eden space 20480K, 62% used [0x00000000d5e00000,0x00000000d6a66f20,0x00000000d7200000)
  from space 7680K, 19% used [0x00000000d7200000,0x00000000d737c448,0x00000000d7980000)
  to   space 6144K, 0% used [0x00000000d7b00000,0x00000000d7b00000,0x00000000d8100000)
 ParOldGen       total 23552K, used 15834K [0x0000000081a00000, 0x0000000083100000, 0x00000000d5e00000)
  object space 23552K, 67% used [0x0000000081a00000,0x0000000082976b78,0x0000000083100000)
 Metaspace       used 10170K, capacity 10272K, committed 10496K, reserved 1058816K
  class space    used 1145K, capacity 1172K, committed 1280K, reserved 1048576K

Card table byte_map: [0x0000000011df0000,0x00000000121f0000] byte_map_base: 0x00000000119e3000

Marking Bits: (ParMarkBitMap*) 0x0000000070982f70
 Begin Bits: [0x0000000012ba0000, 0x0000000014b38000)
 End Bits:   [0x0000000014b38000, 0x0000000016ad0000)

Polling page: 0x0000000000250000

CodeCache: size=245760Kb used=6892Kb max_used=6913Kb free=238867Kb
 bounds [0x0000000002a30000, 0x0000000003100000, 0x0000000011a30000]
 total_blobs=1960 nmethods=1648 adapters=224
 compilation: enabled

Compilation events (10 events):
Event: 1.403 Thread 0x0000000018d68000 nmethod 1607 0x00000000030e21d0 code [0x00000000030e2300, 0x00000000030e2458]
Event: 1.403 Thread 0x0000000018d68000 1612  s    4       java.lang.StringBuffer::append (13 bytes)
Event: 1.406 Thread 0x0000000018d68000 nmethod 1612 0x00000000030e3450 code [0x00000000030e35a0, 0x00000000030e3af8]
Event: 1.406 Thread 0x0000000018d68000 1645       4       com.sun.tools.javac.code.Types::supertype (12 bytes)
Event: 1.406 Thread 0x0000000018d70000 1662       3       java.util.Locale::hashCode (41 bytes)
Event: 1.406 Thread 0x0000000018d70000 nmethod 1662 0x00000000030e2e50 code [0x00000000030e2fc0, 0x00000000030e3338]
Event: 1.406 Thread 0x0000000018d70000 1663       3       sun.misc.URLClassPath$JarLoader::findResource (18 bytes)
Event: 1.407 Thread 0x0000000018d70000 nmethod 1663 0x00000000030e2950 code [0x00000000030e2ac0, 0x00000000030e2d58]
Event: 1.408 Thread 0x0000000018d70000 1664       1       java.util.ResourceBundle$CacheKey::getName (5 bytes)
Event: 1.408 Thread 0x0000000018d70000 nmethod 1664 0x00000000030e2690 code [0x00000000030e27e0, 0x00000000030e28f0]

GC Heap History (10 events):
Event: 0.715 GC heap before
{Heap before GC invocations=7 (full 0):
 PSYoungGen      total 13824K, used 13800K [0x00000000d5e00000, 0x00000000d6f00000, 0x0000000100000000)
  eden space 11776K, 100% used [0x00000000d5e00000,0x00000000d6980000,0x00000000d6980000)
  from space 2048K, 98% used [0x00000000d6c00000,0x00000000d6dfa2f0,0x00000000d6e00000)
  to   space 2560K, 0% used [0x00000000d6980000,0x00000000d6980000,0x00000000d6c00000)
 ParOldGen       total 5632K, used 2829K [0x0000000081a00000, 0x0000000081f80000, 0x00000000d5e00000)
  object space 5632K, 50% used [0x0000000081a00000,0x0000000081cc36b8,0x0000000081f80000)
 Metaspace       used 8393K, capacity 8736K, committed 9088K, reserved 1056768K
  class space    used 995K, capacity 1044K, committed 1152K, reserved 1048576K
Event: 0.729 GC heap after
Heap after GC invocations=7 (full 0):
 PSYoungGen      total 14336K, used 2539K [0x00000000d5e00000, 0x00000000d8100000, 0x0000000100000000)
  eden space 11776K, 0% used [0x00000000d5e00000,0x00000000d5e00000,0x00000000d6980000)
  from space 2560K, 99% used [0x00000000d6980000,0x00000000d6bfade8,0x00000000d6c00000)
  to   space 6144K, 0% used [0x00000000d7b00000,0x00000000d7b00000,0x00000000d8100000)
 ParOldGen       total 9216K, used 8856K [0x0000000081a00000, 0x0000000082300000, 0x00000000d5e00000)
  object space 9216K, 96% used [0x0000000081a00000,0x00000000822a63a8,0x0000000082300000)
 Metaspace       used 8393K, capacity 8736K, committed 9088K, reserved 1056768K
  class space    used 995K, capacity 1044K, committed 1152K, reserved 1048576K
}
Event: 0.729 GC heap before
{Heap before GC invocations=8 (full 1):
 PSYoungGen      total 14336K, used 2539K [0x00000000d5e00000, 0x00000000d8100000, 0x0000000100000000)
  eden space 11776K, 0% used [0x00000000d5e00000,0x00000000d5e00000,0x00000000d6980000)
  from space 2560K, 99% used [0x00000000d6980000,0x00000000d6bfade8,0x00000000d6c00000)
  to   space 6144K, 0% used [0x00000000d7b00000,0x00000000d7b00000,0x00000000d8100000)
 ParOldGen       total 9216K, used 8856K [0x0000000081a00000, 0x0000000082300000, 0x00000000d5e00000)
  object space 9216K, 96% used [0x0000000081a00000,0x00000000822a63a8,0x0000000082300000)
 Metaspace       used 8393K, capacity 8736K, committed 9088K, reserved 1056768K
  class space    used 995K, capacity 1044K, committed 1152K, reserved 1048576K
Event: 0.789 GC heap after
Heap after GC invocations=8 (full 1):
 PSYoungGen      total 14336K, used 1982K [0x00000000d5e00000, 0x00000000d8100000, 0x0000000100000000)
  eden space 11776K, 0% used [0x00000000d5e00000,0x00000000d5e00000,0x00000000d6980000)
  from space 2560K, 77% used [0x00000000d6980000,0x00000000d6b6fbf0,0x00000000d6c00000)
  to   space 6144K, 0% used [0x00000000d7b00000,0x00000000d7b00000,0x00000000d8100000)
 ParOldGen       total 15872K, used 9069K [0x0000000081a00000, 0x0000000082980000, 0x00000000d5e00000)
  object space 15872K, 57% used [0x0000000081a00000,0x00000000822db5f8,0x0000000082980000)
 Metaspace       used 8393K, capacity 8736K, committed 9088K, reserved 1056768K
  class space    used 995K, capacity 1044K, committed 1152K, reserved 1048576K
}
Event: 0.873 GC heap before
{Heap before GC invocations=9 (full 1):
 PSYoungGen      total 14336K, used 13758K [0x00000000d5e00000, 0x00000000d8100000, 0x0000000100000000)
  eden space 11776K, 100% used [0x00000000d5e00000,0x00000000d6980000,0x00000000d6980000)
  from space 2560K, 77% used [0x00000000d6980000,0x00000000d6b6fbf0,0x00000000d6c00000)
  to   space 6144K, 0% used [0x00000000d7b00000,0x00000000d7b00000,0x00000000d8100000)
 ParOldGen       total 15872K, used 9069K [0x0000000081a00000, 0x0000000082980000, 0x00000000d5e00000)
  object space 15872K, 57% used [0x0000000081a00000,0x00000000822db5f8,0x0000000082980000)
 Metaspace       used 8730K, capacity 8928K, committed 9088K, reserved 1056768K
  class space    used 1023K, capacity 1044K, committed 1152K, reserved 1048576K
Event: 0.974 GC heap after
Heap after GC invocations=9 (full 1):
 PSYoungGen      total 26624K, used 6116K [0x00000000d5e00000, 0x00000000d8100000, 0x0000000100000000)
  eden space 20480K, 0% used [0x00000000d5e00000,0x00000000d5e00000,0x00000000d7200000)
  from space 6144K, 99% used [0x00000000d7b00000,0x00000000d80f9240,0x00000000d8100000)
  to   space 7680K, 0% used [0x00000000d7200000,0x00000000d7200000,0x00000000d7980000)
 ParOldGen       total 15872K, used 10158K [0x0000000081a00000, 0x0000000082980000, 0x00000000d5e00000)
  object space 15872K, 64% used [0x0000000081a00000,0x00000000823eb970,0x0000000082980000)
 Metaspace       used 8730K, capacity 8928K, committed 9088K, reserved 1056768K
  class space    used 1023K, capacity 1044K, committed 1152K, reserved 1048576K
}
Event: 1.175 GC heap before
{Heap before GC invocations=10 (full 1):
 PSYoungGen      total 26624K, used 26596K [0x00000000d5e00000, 0x00000000d8100000, 0x0000000100000000)
  eden space 20480K, 100% used [0x00000000d5e00000,0x00000000d7200000,0x00000000d7200000)
  from space 6144K, 99% used [0x00000000d7b00000,0x00000000d80f9240,0x00000000d8100000)
  to   space 7680K, 0% used [0x00000000d7200000,0x00000000d7200000,0x00000000d7980000)
 ParOldGen       total 15872K, used 10158K [0x0000000081a00000, 0x0000000082980000, 0x00000000d5e00000)
  object space 15872K, 64% used [0x0000000081a00000,0x00000000823eb970,0x0000000082980000)
 Metaspace       used 9186K, capacity 9344K, committed 9600K, reserved 1058816K
  class space    used 1047K, capacity 1076K, committed 1152K, reserved 1048576K
Event: 1.194 GC heap after
Heap after GC invocations=10 (full 1):
 PSYoungGen      total 28160K, used 7675K [0x00000000d5e00000, 0x00000000d8100000, 0x0000000100000000)
  eden space 20480K, 0% used [0x00000000d5e00000,0x00000000d5e00000,0x00000000d7200000)
  from space 7680K, 99% used [0x00000000d7200000,0x00000000d797ee98,0x00000000d7980000)
  to   space 6144K, 0% used [0x00000000d7b00000,0x00000000d7b00000,0x00000000d8100000)
 ParOldGen       total 15872K, used 12581K [0x0000000081a00000, 0x0000000082980000, 0x00000000d5e00000)
  object space 15872K, 79% used [0x0000000081a00000,0x0000000082649728,0x0000000082980000)
 Metaspace       used 9186K, capacity 9344K, committed 9600K, reserved 1058816K
  class space    used 1047K, capacity 1076K, committed 1152K, reserved 1048576K
}
Event: 1.194 GC heap before
{Heap before GC invocations=11 (full 2):
 PSYoungGen      total 28160K, used 7675K [0x00000000d5e00000, 0x00000000d8100000, 0x0000000100000000)
  eden space 20480K, 0% used [0x00000000d5e00000,0x00000000d5e00000,0x00000000d7200000)
  from space 7680K, 99% used [0x00000000d7200000,0x00000000d797ee98,0x00000000d7980000)
  to   space 6144K, 0% used [0x00000000d7b00000,0x00000000d7b00000,0x00000000d8100000)
 ParOldGen       total 15872K, used 12581K [0x0000000081a00000, 0x0000000082980000, 0x00000000d5e00000)
  object space 15872K, 79% used [0x0000000081a00000,0x0000000082649728,0x0000000082980000)
 Metaspace       used 9186K, capacity 9344K, committed 9600K, reserved 1058816K
  class space    used 1047K, capacity 1076K, committed 1152K, reserved 1048576K
Event: 1.257 GC heap after
Heap after GC invocations=11 (full 2):
 PSYoungGen      total 28160K, used 1521K [0x00000000d5e00000, 0x00000000d8100000, 0x0000000100000000)
  eden space 20480K, 0% used [0x00000000d5e00000,0x00000000d5e00000,0x00000000d7200000)
  from space 7680K, 19% used [0x00000000d7200000,0x00000000d737c448,0x00000000d7980000)
  to   space 6144K, 0% used [0x00000000d7b00000,0x00000000d7b00000,0x00000000d8100000)
 ParOldGen       total 23552K, used 15834K [0x0000000081a00000, 0x0000000083100000, 0x00000000d5e00000)
  object space 23552K, 67% used [0x0000000081a00000,0x0000000082976b78,0x0000000083100000)
 Metaspace       used 9186K, capacity 9344K, committed 9600K, reserved 1058816K
  class space    used 1047K, capacity 1076K, committed 1152K, reserved 1048576K
}

Deoptimization events (10 events):
Event: 0.566 Thread 0x0000000001dde800 Uncommon trap: reason=unstable_if action=reinterpret pc=0x0000000002c819f0 method=com.sun.tools.javac.util.Name$Table.equals([BI[BII)Z @ 22
Event: 0.567 Thread 0x0000000001dde800 Uncommon trap: reason=unstable_if action=reinterpret pc=0x0000000002c53148 method=com.sun.tools.javac.parser.UnicodeReader.scanChar()V @ 37
Event: 0.571 Thread 0x0000000001dde800 Uncommon trap: reason=unstable_if action=reinterpret pc=0x0000000002ba0600 method=java.lang.CharacterData.of(I)Ljava/lang/CharacterData; @ 4
Event: 0.653 Thread 0x0000000001dde800 Uncommon trap: reason=unstable_if action=reinterpret pc=0x0000000002c5164c method=com.sun.tools.javac.parser.UnicodeReader.scanChar()V @ 37
Event: 0.996 Thread 0x0000000001dde800 Uncommon trap: reason=unstable_if action=reinterpret pc=0x0000000002da4e74 method=com.sun.tools.javac.util.ArrayUtils.ensureCapacity([BI)[B @ 3
Event: 1.343 Thread 0x0000000001dde800 Uncommon trap: reason=unstable_if action=reinterpret pc=0x000000000303eb1c method=com.sun.tools.javac.code.Symbol$ClassSymbol.members()Lcom/sun/tools/javac/code/Scope; @ 4
Event: 1.344 Thread 0x0000000001dde800 Uncommon trap: reason=unstable_if action=reinterpret pc=0x000000000304569c method=com.sun.tools.javac.code.Types$19.visitClassType(Lcom/sun/tools/javac/code/Type$ClassType;Ljava/lang/Void;)Lcom/sun/tools/javac/util/List; @ 4
Event: 1.345 Thread 0x0000000001dde800 Uncommon trap: reason=unstable_if action=reinterpret pc=0x0000000002fcd4a8 method=com.sun.tools.javac.code.Scope.lookup(Lcom/sun/tools/javac/util/Name;Lcom/sun/tools/javac/util/Filter;)Lcom/sun/tools/javac/code/Scope$Entry; @ 19
Event: 1.349 Thread 0x0000000001dde800 Uncommon trap: reason=unstable_if action=reinterpret pc=0x000000000304cb1c method=com.sun.tools.javac.code.Types$19.visitClassType(Lcom/sun/tools/javac/code/Type$ClassType;Ljava/lang/Void;)Lcom/sun/tools/javac/util/List; @ 4
Event: 1.350 Thread 0x0000000001dde800 Uncommon trap: reason=unstable_if action=reinterpret pc=0x000000000304408c method=com.sun.tools.javac.comp.Check.checkType(Lcom/sun/tools/javac/util/JCDiagnostic$DiagnosticPosition;Lcom/sun/tools/javac/code/Type;Lcom/sun/tools/javac/code/Type;Lcom/sun/toolþ˜•æ<â?

Internal exceptions (10 events):
Event: 0.025 Thread 0x0000000001dde800 Exception <a 'java/lang/NoSuchMethodError': Method sun.misc.Unsafe.defineClass(Ljava/lang/String;[BII)Ljava/lang/Class; name or signature does not match> (0x00000000d5e07cd8) thrown at [C:\re\workspace\8-2-build-windows-amd64-cygwin\jdk8u91\6644\hotspot\srkà	ð¤¬™?
Event: 0.025 Thread 0x0000000001dde800 Exception <a 'java/lang/NoSuchMethodError': Method sun.misc.Unsafe.prefetchRead(Ljava/lang/Object;J)V name or signature does not match> (0x00000000d5e07fc0) thrown at [C:\re\workspace\8-2-build-windows-amd64-cygwin\jdk8u91\6644\hotspot\src\share\vm\prims\j–éJÚ>¸?
Event: 0.095 Thread 0x0000000001dde800 Exception <a 'java/security/PrivilegedActionException'> (0x00000000d5f3bc00) thrown at [C:\re\workspace\8-2-build-windows-amd64-cygwin\jdk8u91\6644\hotspot\src\share\vm\prims\jvm.cpp, line 1386]
Event: 0.095 Thread 0x0000000001dde800 Exception <a 'java/security/PrivilegedActionException'> (0x00000000d5f3bff8) thrown at [C:\re\workspace\8-2-build-windows-amd64-cygwin\jdk8u91\6644\hotspot\src\share\vm\prims\jvm.cpp, line 1386]
Event: 0.096 Thread 0x0000000001dde800 Exception <a 'java/security/PrivilegedActionException'> (0x00000000d5f40028) thrown at [C:\re\workspace\8-2-build-windows-amd64-cygwin\jdk8u91\6644\hotspot\src\share\vm\prims\jvm.cpp, line 1386]
Event: 0.096 Thread 0x0000000001dde800 Exception <a 'java/security/PrivilegedActionException'> (0x00000000d5f40420) thrown at [C:\re\workspace\8-2-build-windows-amd64-cygwin\jdk8u91\6644\hotspot\src\share\vm\prims\jvm.cpp, line 1386]
Event: 0.100 Thread 0x0000000001dde800 Exception <a 'java/security/PrivilegedActionException'> (0x00000000d5f75be0) thrown at [C:\re\workspace\8-2-build-windows-amd64-cygwin\jdk8u91\6644\hotspot\src\share\vm\prims\jvm.cpp, line 1386]
Event: 0.100 Thread 0x0000000001dde800 Exception <a 'java/security/PrivilegedActionException'> (0x00000000d5f75fd8) thrown at [C:\re\workspace\8-2-build-windows-amd64-cygwin\jdk8u91\6644\hotspot\src\share\vm\prims\jvm.cpp, line 1386]
Event: 0.803 Thread 0x0000000001dde800 Exception <a 'java/io/FileNotFoundException'> (0x00000000d5f24e38) thrown at [C:\re\workspace\8-2-build-windows-amd64-cygwin\jdk8u91\6644\hotspot\src\share\vm\prims\jni.cpp, line 709]
Event: 0.806 Thread 0x0000000001dde800 Exception <a 'java/io/FileNotFoundException'> (0x00000000d5f6c998) thrown at [C:\re\workspace\8-2-build-windows-amd64-cygwin\jdk8u91\6644\hotspot\src\share\vm\prims\jni.cpp, line 709]

Events (10 events):
Event: 1.407 loading class com/sun/tools/doclets/formats/html/resources/standard_zh
Event: 1.407 loading class com/sun/tools/doclets/formats/html/resources/standard_zh done
Event: 1.407 loading class com/sun/tools/doclets/formats/html/resources/standard_zh_CN
Event: 1.407 loading class com/sun/tools/doclets/formats/html/resources/standard_zh_CN done
Event: 1.408 loading class com/sun/tools/doclets/formats/html/resources/standard_zh_Hans
Event: 1.408 loading class com/sun/tools/doclets/formats/html/resources/standard_zh_Hans done
Event: 1.408 loading class com/sun/tools/doclets/formats/html/resources/standard_zh_Hans_CN
Event: 1.408 loading class com/sun/tools/doclets/formats/html/resources/standard_zh_Hans_CN done
Event: 1.408 loading class com/sun/tools/doclets/internal/toolkit/util/ClassTree
Event: 1.408 loading class com/sun/tools/doclets/internal/toolkit/util/ClassTree done


Dynamic libraries:
0x000000013f920000 - 0x000000013f927000 	D:\Program Files\Java\jdk1.8.0_91\bin\javadoc.exe
0x0000000077c10000 - 0x0000000077db9000 	C:\Windows\SYSTEM32\ntdll.dll
0x00000000779f0000 - 0x0000000077b0f000 	C:\Windows\system32\kernel32.dll
0x000007fefdc40000 - 0x000007fefdcac000 	C:\Windows\system32\KERNELBASE.dll
0x000000006cfb0000 - 0x000000006cfdf000 	D:\Program Files\Java\jdk1.8.0_91\bin\jli.dll
0x000007feffcc0000 - 0x000007feffd9b000 	C:\Windows\system32\ADVAPI32.dll
0x000007fefe810000 - 0x000007fefe8af000 	C:\Windows\system32\msvcrt.dll
0x000007fefebe0000 - 0x000007fefebff000 	C:\Windows\SYSTEM32\sechost.dll
0x000007fefe430000 - 0x000007fefe55d000 	C:\Windows\system32\RPCRT4.dll
0x000007fefc0c0000 - 0x000007fefc2b4000 	C:\Windows\WinSxS\amd64_microsoft.windows.common-controls_6595b64144ccf1df_6.0.7601.17514_none_fa396087175ac9ac\COMCTL32.dll
0x000007feffc50000 - 0x000007feffcb7000 	C:\Windows\system32\GDI32.dll
0x0000000077b10000 - 0x0000000077c0a000 	C:\Windows\system32\USER32.dll
0x000007feff990000 - 0x000007feff99e000 	C:\Windows\system32\LPK.dll
0x000007fefe360000 - 0x000007fefe429000 	C:\Windows\system32\USP10.dll
0x000007feffbd0000 - 0x000007feffc41000 	C:\Windows\system32\SHLWAPI.dll
0x00000000796b0000 - 0x0000000079782000 	D:\Program Files\Java\jdk1.8.0_91\bin\MSVCR100.dll
0x000007fefb110000 - 0x000007fefb160000 	C:\Program Files (x86)\2345Soft\2345PCSafe\SafePort64.dll
0x0000000077de0000 - 0x0000000077de7000 	C:\Windows\system32\PSAPI.DLL
0x000007fefe560000 - 0x000007fefe58e000 	C:\Windows\system32\IMM32.DLL
0x000007fefe5f0000 - 0x000007fefe6f9000 	C:\Windows\system32\MSCTF.dll
0x00000000024b0000 - 0x0000000002582000 	D:\Program Files\Java\jdk1.8.0_91\jre\bin\msvcr100.dll
0x0000000070170000 - 0x0000000070a03000 	D:\Program Files\Java\jdk1.8.0_91\jre\bin\server\jvm.dll
0x000007fef76e0000 - 0x000007fef76e9000 	C:\Windows\system32\WSOCK32.dll
0x000007fefe7c0000 - 0x000007fefe80d000 	C:\Windows\system32\WS2_32.dll
0x000007fefff10000 - 0x000007fefff18000 	C:\Windows\system32\NSI.dll
0x000007fefbb30000 - 0x000007fefbb6b000 	C:\Windows\system32\WINMM.dll
0x000007fefcb40000 - 0x000007fefcb4c000 	C:\Windows\system32\VERSION.dll
0x0000000050140000 - 0x000000005014f000 	D:\Program Files\Java\jdk1.8.0_91\jre\bin\verify.dll
0x0000000050110000 - 0x0000000050139000 	D:\Program Files\Java\jdk1.8.0_91\jre\bin\java.dll
0x00000000500f0000 - 0x0000000050106000 	D:\Program Files\Java\jdk1.8.0_91\jre\bin\zip.dll
0x000007fefec00000 - 0x000007feff988000 	C:\Windows\system32\SHELL32.dll
0x000007fefde10000 - 0x000007fefe013000 	C:\Windows\system32\ole32.dll
0x000007fefda60000 - 0x000007fefda6f000 	C:\Windows\system32\profapi.dll

VM Arguments:
jvm_args: -Denv.class.path=D:\Projects\Demo\XyLibrary\\gradle\wrapper\gradle-wrapper.jar -Dapplication.home=D:\Program Files\Java\jdk1.8.0_91 -Xms8m 
java_command: com.sun.tools.javadoc.Main @D:\Projects\Demo\XyLibrary\xylibrary\build\tmp\javadoc\javadoc.options
java_class_path (initial): D:\Program Files\Java\jdk1.8.0_91/lib/tools.jar;D:\Program Files\Java\jdk1.8.0_91/classes
Launcher Type: SUN_STANDARD

Environment Variables:
JAVA_HOME=D:\Program Files\Java\jdk1.8.0_91
CLASSPATH=D:\Projects\Demo\XyLibrary\\gradle\wrapper\gradle-wrapper.jar
PATH=C:\ProgramData\Oracle\Java\javapath;C:\Windows\system32;C:\Windows;C:\Windows\System32\Wbem;C:\Windows\System32\WindowsPowerShell\v1.0\;D:\Program Files\Java\jdk1.8.0_91\bin;D:\Program Files\Java\jdk1.8.0_91\jre\bin;D:\Program Files\TortoiseSVN\bin;D:\RN\nodejs\;D:\Program Files\python;C:\Program Files (x86)\Windows Kits\8.1\Windows Performance Toolkit\;C:\Program Files\Microsoft SQL Server\110\Tools\Binn\;D:\Android\sdk;D:\Android\sdk\tools;D:\Android\sdk\tools\git\bin;D:\Android\sdk\platform-tools;D:\RN;D:\Android\ndk-r11b;D:\Program Files (x86)\Git\cmd;C:\Users\XY\AppData\Roaming\npm
USERNAME=XY
OS=Windows_NT
PROCESSOR_IDENTIFIER=Intel64 Family 6 Model 94 Stepping 3, GenuineIntel



---------------  S Y S T E M  ---------------

OS: Windows 7 , 64 bit Build 7601 (6.1.7601.18409)

CPU:total 4 (4 cores per cpu, 1 threads per core) family 6 model 94 stepping 3, cmov, cx8, fxsr, mmx, sse, sse2, sse3, ssse3, sse4.1, sse4.2, popcnt, avx, avx2, aes, clmul, erms, rtm, 3dnowpref, lzcnt, tsc, tscinvbit, bmi1, bmi2, adx

Memory: 4k page, physical 8277096k(671520k free), swap 9513552k(6404k free)

vm_info: Java HotSpot(TM) 64-Bit Server VM (25.91-b14) for windows-amd64 JRE (1.8.0_91-b14), built on Apr  1 2016 00:58:32 by "java_re" with MS VC++ 10.0 (VS2010)

time: Thu Dec 01 17:51:33 2016
elapsed time: 1 seconds (0d 0h 0m 1s)

