#
# There is insufficient memory for the Java Runtime Environment to continue.
# Native memory allocation (malloc) failed to allocate 1096016 bytes for Chunk::new
# Possible reasons:
#   The system is out of physical RAM or swap space
#   In 32 bit mode, the process size limit was hit
# Possible solutions:
#   Reduce memory load on the system
#   Increase physical memory or swap space
#   Check if swap backing store is full
#   Use 64 bit Java on a 64 bit OS
#   Decrease Java heap size (-Xmx/-Xms)
#   Decrease number of Java threads
#   Decrease Java thread stack sizes (-Xss)
#   Set larger code cache with -XX:ReservedCodeCacheSize=
# This output file may be truncated or incomplete.
#
#  Out of Memory Error (allocation.cpp:390), pid=29340, tid=31140
#
# JRE version: Java(TM) SE Runtime Environment (8.0_91-b14) (build 1.8.0_91-b14)
# Java VM: Java HotSpot(TM) 64-Bit Server VM (25.91-b14 mixed mode windows-amd64 compressed oops)
# Failed to write core dump. Minidumps are not enabled by default on client versions of Windows
#

---------------  T H R E A D  ---------------

Current thread (0x00000000175bc000):  JavaThread "C2 CompilerThread0" daemon [_thread_in_native, id=31140, stack(0x0000000019350000,0x0000000019450000)]

Stack: [0x0000000019350000,0x0000000019450000]
[error occurred during error reporting (printing stack bounds), id 0xc0000005]

Native frames: (J=compiled Java code, j=interpreted, Vv=VM code, C=native code)


Current CompileTask:
C2:   1697 2267       4       com.sun.tools.doclets.internal.toolkit.util.Util::executableMembersEqual (207 bytes)


---------------  P R O C E S S  ---------------

Java Threads: ( => current thread )
  0x0000000018b3a000 JavaThread "Service Thread" daemon [_thread_blocked, id=31620, stack(0x0000000019200000,0x0000000019300000)]
  0x0000000018ac0800 JavaThread "C1 CompilerThread2" daemon [_thread_blocked, id=28300, stack(0x0000000019670000,0x0000000019770000)]
  0x0000000018ab7800 JavaThread "C2 CompilerThread1" daemon [_thread_in_native, id=31684, stack(0x00000000194d0000,0x00000000195d0000)]
=>0x00000000175bc000 JavaThread "C2 CompilerThread0" daemon [_thread_in_native, id=31140, stack(0x0000000019350000,0x0000000019450000)]
  0x0000000018aa8800 JavaThread "Attach Listener" daemon [_thread_blocked, id=31556, stack(0x00000000190f0000,0x00000000191f0000)]
  0x00000000175af000 JavaThread "Signal Dispatcher" daemon [_thread_blocked, id=27720, stack(0x0000000018f60000,0x0000000019060000)]
  0x0000000017599000 JavaThread "Finalizer" daemon [_thread_blocked, id=29068, stack(0x00000000189a0000,0x0000000018aa0000)]
  0x0000000017552000 JavaThread "Reference Handler" daemon [_thread_blocked, id=28500, stack(0x00000000187a0000,0x00000000188a0000)]
  0x000000000067e000 JavaThread "main" [_thread_in_Java, id=28348, stack(0x00000000025d0000,0x00000000026d0000)]

Other Threads:
  0x000000001754a800 VMThread [stack: 0x0000000018610000,0x0000000018710000] [id=29700]
  0x0000000018b73800 WatcherThread [stack: 0x00000000197f0000,0x00000000198f0000] [id=31700]

VM state:not at safepoint (normal execution)

VM Mutex/Monitor currently owned by a thread: None

Heap:
 PSYoungGen      total 34304K, used 8610K [0x00000000d5e00000, 0x00000000d8d00000, 0x0000000100000000)
  eden space 24576K, 9% used [0x00000000d5e00000,0x00000000d6066498,0x00000000d7600000)
  from space 9728K, 63% used [0x00000000d8380000,0x00000000d8982450,0x00000000d8d00000)
  to   space 9216K, 0% used [0x00000000d7600000,0x00000000d7600000,0x00000000d7f00000)
 ParOldGen       total 25088K, used 16489K [0x0000000081a00000, 0x0000000083280000, 0x00000000d5e00000)
  object space 25088K, 65% used [0x0000000081a00000,0x0000000082a1a5b8,0x0000000083280000)
 Metaspace       used 12981K, capacity 13124K, committed 13312K, reserved 1060864K
  class space    used 1459K, capacity 1496K, committed 1536K, reserved 1048576K

Card table byte_map: [0x0000000011b10000,0x0000000011f10000] byte_map_base: 0x0000000011703000

Marking Bits: (ParMarkBitMap*) 0x0000000070a32f70
 Begin Bits: [0x0000000012890000, 0x0000000014828000)
 End Bits:   [0x0000000014828000, 0x00000000167c0000)

Polling page: 0x0000000000150000

CodeCache: size=245760Kb used=8812Kb max_used=8826Kb free=236947Kb
 bounds [0x0000000002750000, 0x0000000003000000, 0x0000000011750000]
 total_blobs=2600 nmethods=2255 adapters=256
 compilation: enabled

Compilation events (10 events):
Event: 1.666 Thread 0x0000000018ab7800 nmethod 2263 0x0000000002fe6f90 code [0x0000000002fe70e0, 0x0000000002fe7178]
Event: 1.668 Thread 0x0000000018ab7800 2264       4       com.sun.tools.javadoc.ClassDocImpl::methods (151 bytes)
Event: 1.671 Thread 0x0000000018ac0800 2266       3       com.sun.tools.javac.code.Type$ArrayType::getTag (4 bytes)
Event: 1.671 Thread 0x0000000018ac0800 nmethod 2266 0x0000000002fe6c50 code [0x0000000002fe6da0, 0x0000000002fe6ef0]
Event: 1.677 Thread 0x00000000175bc000 nmethod 2251% 0x0000000002ff4450 code [0x0000000002ff4600, 0x0000000002ff53d0]
Event: 1.677 Thread 0x00000000175bc000 2267       4       com.sun.tools.doclets.internal.toolkit.util.Util::executableMembersEqual (207 bytes)
Event: 1.681 Thread 0x0000000018ab7800 nmethod 2264 0x0000000002ff5d50 code [0x0000000002ff5f20, 0x0000000002ff6c28]
Event: 1.681 Thread 0x0000000018ab7800 2268       4       java.lang.Boolean::valueOf (14 bytes)
Event: 1.681 Thread 0x0000000018ab7800 nmethod 2268 0x0000000002fe6a50 code [0x0000000002fe6b80, 0x0000000002fe6bd8]
Event: 1.681 Thread 0x0000000018ab7800 2265       4       com.sun.tools.javac.code.Type$MethodType::accept (9 bytes)

GC Heap History (10 events):
Event: 1.458 GC heap before
{Heap before GC invocations=16 (full 2):
 PSYoungGen      total 24576K, used 23241K [0x00000000d5e00000, 0x00000000d8180000, 0x0000000100000000)
  eden space 17408K, 100% used [0x00000000d5e00000,0x00000000d6f00000,0x00000000d6f00000)
  from space 7168K, 81% used [0x00000000d6f00000,0x00000000d74b2460,0x00000000d7600000)
  to   space 7680K, 0% used [0x00000000d7a00000,0x00000000d7a00000,0x00000000d8180000)
 ParOldGen       total 25088K, used 16393K [0x0000000081a00000, 0x0000000083280000, 0x00000000d5e00000)
  object space 25088K, 65% used [0x0000000081a00000,0x0000000082a025a8,0x0000000083280000)
 Metaspace       used 12930K, capacity 13124K, committed 13312K, reserved 1060864K
  class space    used 1459K, capacity 1496K, committed 1536K, reserved 1048576K
Event: 1.463 GC heap after
Heap after GC invocations=16 (full 2):
 PSYoungGen      total 28160K, used 5905K [0x00000000d5e00000, 0x00000000d8300000, 0x0000000100000000)
  eden space 20480K, 0% used [0x00000000d5e00000,0x00000000d5e00000,0x00000000d7200000)
  from space 7680K, 76% used [0x00000000d7a00000,0x00000000d7fc4628,0x00000000d8180000)
  to   space 8192K, 0% used [0x00000000d7200000,0x00000000d7200000,0x00000000d7a00000)
 ParOldGen       total 25088K, used 16465K [0x0000000081a00000, 0x0000000083280000, 0x00000000d5e00000)
  object space 25088K, 65% used [0x0000000081a00000,0x0000000082a145b8,0x0000000083280000)
 Metaspace       used 12930K, capacity 13124K, committed 13312K, reserved 1060864K
  class space    used 1459K, capacity 1496K, committed 1536K, reserved 1048576K
}
Event: 1.515 GC heap before
{Heap before GC invocations=17 (full 2):
 PSYoungGen      total 28160K, used 26385K [0x00000000d5e00000, 0x00000000d8300000, 0x0000000100000000)
  eden space 20480K, 100% used [0x00000000d5e00000,0x00000000d7200000,0x00000000d7200000)
  from space 7680K, 76% used [0x00000000d7a00000,0x00000000d7fc4628,0x00000000d8180000)
  to   space 8192K, 0% used [0x00000000d7200000,0x00000000d7200000,0x00000000d7a00000)
 ParOldGen       total 25088K, used 16465K [0x0000000081a00000, 0x0000000083280000, 0x00000000d5e00000)
  object space 25088K, 65% used [0x0000000081a00000,0x0000000082a145b8,0x0000000083280000)
 Metaspace       used 12941K, capacity 13124K, committed 13312K, reserved 1060864K
  class space    used 1459K, capacity 1496K, committed 1536K, reserved 1048576K
Event: 1.520 GC heap after
Heap after GC invocations=17 (full 2):
 PSYoungGen      total 28672K, used 5913K [0x00000000d5e00000, 0x00000000d8780000, 0x0000000100000000)
  eden space 20480K, 0% used [0x00000000d5e00000,0x00000000d5e00000,0x00000000d7200000)
  from space 8192K, 72% used [0x00000000d7200000,0x00000000d77c6460,0x00000000d7a00000)
  to   space 8704K, 0% used [0x00000000d7f00000,0x00000000d7f00000,0x00000000d8780000)
 ParOldGen       total 25088K, used 16473K [0x0000000081a00000, 0x0000000083280000, 0x00000000d5e00000)
  object space 25088K, 65% used [0x0000000081a00000,0x0000000082a165b8,0x0000000083280000)
 Metaspace       used 12941K, capacity 13124K, committed 13312K, reserved 1060864K
  class space    used 1459K, capacity 1496K, committed 1536K, reserved 1048576K
}
Event: 1.570 GC heap before
{Heap before GC invocations=18 (full 2):
 PSYoungGen      total 28672K, used 26393K [0x00000000d5e00000, 0x00000000d8780000, 0x0000000100000000)
  eden space 20480K, 100% used [0x00000000d5e00000,0x00000000d7200000,0x00000000d7200000)
  from space 8192K, 72% used [0x00000000d7200000,0x00000000d77c6460,0x00000000d7a00000)
  to   space 8704K, 0% used [0x00000000d7f00000,0x00000000d7f00000,0x00000000d8780000)
 ParOldGen       total 25088K, used 16473K [0x0000000081a00000, 0x0000000083280000, 0x00000000d5e00000)
  object space 25088K, 65% used [0x0000000081a00000,0x0000000082a165b8,0x0000000083280000)
 Metaspace       used 12974K, capacity 13124K, committed 13312K, reserved 1060864K
  class space    used 1459K, capacity 1496K, committed 1536K, reserved 1048576K
Event: 1.574 GC heap after
Heap after GC invocations=18 (full 2):
 PSYoungGen      total 33280K, used 6281K [0x00000000d5e00000, 0x00000000d8880000, 0x0000000100000000)
  eden space 24576K, 0% used [0x00000000d5e00000,0x00000000d5e00000,0x00000000d7600000)
  from space 8704K, 72% used [0x00000000d7f00000,0x00000000d8522450,0x00000000d8780000)
  to   space 9216K, 0% used [0x00000000d7600000,0x00000000d7600000,0x00000000d7f00000)
 ParOldGen       total 25088K, used 16481K [0x0000000081a00000, 0x0000000083280000, 0x00000000d5e00000)
  object space 25088K, 65% used [0x0000000081a00000,0x0000000082a185b8,0x0000000083280000)
 Metaspace       used 12974K, capacity 13124K, committed 13312K, reserved 1060864K
  class space    used 1459K, capacity 1496K, committed 1536K, reserved 1048576K
}
Event: 1.622 GC heap before
{Heap before GC invocations=19 (full 2):
 PSYoungGen      total 33280K, used 30857K [0x00000000d5e00000, 0x00000000d8880000, 0x0000000100000000)
  eden space 24576K, 100% used [0x00000000d5e00000,0x00000000d7600000,0x00000000d7600000)
  from space 8704K, 72% used [0x00000000d7f00000,0x00000000d8522450,0x00000000d8780000)
  to   space 9216K, 0% used [0x00000000d7600000,0x00000000d7600000,0x00000000d7f00000)
 ParOldGen       total 25088K, used 16481K [0x0000000081a00000, 0x0000000083280000, 0x00000000d5e00000)
  object space 25088K, 65% used [0x0000000081a00000,0x0000000082a185b8,0x0000000083280000)
 Metaspace       used 12977K, capacity 13124K, committed 13312K, reserved 1060864K
  class space    used 1459K, capacity 1496K, committed 1536K, reserved 1048576K
Event: 1.625 GC heap after
Heap after GC invocations=19 (full 2):
 PSYoungGen      total 33792K, used 6496K [0x00000000d5e00000, 0x00000000d8d00000, 0x0000000100000000)
  eden space 24576K, 0% used [0x00000000d5e00000,0x00000000d5e00000,0x00000000d7600000)
  from space 9216K, 70% used [0x00000000d7600000,0x00000000d7c58188,0x00000000d7f00000)
  to   space 9728K, 0% used [0x00000000d8380000,0x00000000d8380000,0x00000000d8d00000)
 ParOldGen       total 25088K, used 16481K [0x0000000081a00000, 0x0000000083280000, 0x00000000d5e00000)
  object space 25088K, 65% used [0x0000000081a00000,0x0000000082a185b8,0x0000000083280000)
 Metaspace       used 12977K, capacity 13124K, committed 13312K, reserved 1060864K
  class space    used 1459K, capacity 1496K, committed 1536K, reserved 1048576K
}
Event: 1.683 GC heap before
{Heap before GC invocations=20 (full 2):
 PSYoungGen      total 33792K, used 31072K [0x00000000d5e00000, 0x00000000d8d00000, 0x0000000100000000)
  eden space 24576K, 100% used [0x00000000d5e00000,0x00000000d7600000,0x00000000d7600000)
  from space 9216K, 70% used [0x00000000d7600000,0x00000000d7c58188,0x00000000d7f00000)
  to   space 9728K, 0% used [0x00000000d8380000,0x00000000d8380000,0x00000000d8d00000)
 ParOldGen       total 25088K, used 16481K [0x0000000081a00000, 0x0000000083280000, 0x00000000d5e00000)
  object space 25088K, 65% used [0x0000000081a00000,0x0000000082a185b8,0x0000000083280000)
 Metaspace       used 12981K, capacity 13124K, committed 13312K, reserved 1060864K
  class space    used 1459K, capacity 1496K, committed 1536K, reserved 1048576K
Event: 1.688 GC heap after
Heap after GC invocations=20 (full 2):
 PSYoungGen      total 34304K, used 6153K [0x00000000d5e00000, 0x00000000d8d00000, 0x0000000100000000)
  eden space 24576K, 0% used [0x00000000d5e00000,0x00000000d5e00000,0x00000000d7600000)
  from space 9728K, 63% used [0x00000000d8380000,0x00000000d8982450,0x00000000d8d00000)
  to   space 9216K, 0% used [0x00000000d7600000,0x00000000d7600000,0x00000000d7f00000)
 ParOldGen       total 25088K, used 16489K [0x0000000081a00000, 0x0000000083280000, 0x00000000d5e00000)
  object space 25088K, 65% used [0x0000000081a00000,0x0000000082a1a5b8,0x0000000083280000)
 Metaspace       used 12981K, capacity 13124K, committed 13312K, reserved 1060864K
  class space    used 1459K, capacity 1496K, committed 1536K, reserved 1048576K
}

Deoptimization events (10 events):
Event: 1.376 Thread 0x000000000067e000 Uncommon trap: reason=class_check action=maybe_recompile pc=0x0000000002ee7fcc method=com.sun.tools.javac.code.Types$UnaryVisitor.visit(Lcom/sun/tools/javac/code/Type;)Ljava/lang/Object; @ 3
Event: 1.376 Thread 0x000000000067e000 Uncommon trap: reason=class_check action=maybe_recompile pc=0x0000000002ebe430 method=com.sun.tools.javac.code.Types$UnaryVisitor.visit(Lcom/sun/tools/javac/code/Type;)Ljava/lang/Object; @ 3
Event: 1.376 Thread 0x000000000067e000 Uncommon trap: reason=class_check action=maybe_recompile pc=0x0000000002ee7fcc method=com.sun.tools.javac.code.Types$UnaryVisitor.visit(Lcom/sun/tools/javac/code/Type;)Ljava/lang/Object; @ 3
Event: 1.419 Thread 0x000000000067e000 Uncommon trap: reason=unstable_if action=reinterpret pc=0x0000000002f0eb4c method=com.sun.tools.doclets.internal.toolkit.util.Util.executableMembersEqual(Lcom/sun/javadoc/ExecutableMemberDoc;Lcom/sun/javadoc/ExecutableMemberDoc;)Z @ 41
Event: 1.556 Thread 0x000000000067e000 Uncommon trap: reason=predicate action=maybe_recompile pc=0x0000000002fb5b18 method=com.sun.tools.javac.util.List.toArray([Ljava/lang/Object;)[Ljava/lang/Object; @ 14
Event: 1.663 Thread 0x000000000067e000 Uncommon trap: reason=unstable_if action=reinterpret pc=0x0000000002f9c9c4 method=com.sun.tools.javadoc.ClassDocImpl.isIncluded()Z @ 20
Event: 1.671 Thread 0x000000000067e000 Uncommon trap: reason=class_check action=maybe_recompile pc=0x0000000002f898a0 method=com.sun.tools.javac.code.Types.memberType(Lcom/sun/tools/javac/code/Type;Lcom/sun/tools/javac/code/Symbol;)Lcom/sun/tools/javac/code/Type; @ 29
Event: 1.671 Thread 0x000000000067e000 Uncommon trap: reason=class_check action=maybe_recompile pc=0x0000000002f8999c method=com.sun.tools.javac.code.Types.memberType(Lcom/sun/tools/javac/code/Type;Lcom/sun/tools/javac/code/Symbol;)Lcom/sun/tools/javac/code/Type; @ 29
Event: 1.671 Thread 0x000000000067e000 Uncommon trap: reason=class_check action=maybe_recompile pc=0x0000000002f8999c method=com.sun.tools.javac.code.Types.memberType(Lcom/sun/tools/javac/code/Type;Lcom/sun/tools/javac/code/Symbol;)Lcom/sun/tools/javac/code/Type; @ 29
Event: 1.671 Thread 0x000000000067e000 Uncommon trap: reason=class_check action=maybe_recompile pc=0x0000000002f8999c method=com.sun.tools.javac.code.Types.memberType(Lcom/sun/tools/javac/code/Type;Lcom/sun/tools/javac/code/Symbol;)Lcom/sun/tools/javac/code/Type; @ 29

Internal exceptions (10 events):
Event: 0.023 Thread 0x000000000067e000 Exception <a 'java/lang/NoSuchMethodError': Method sun.misc.Unsafe.defineClass(Ljava/lang/String;[BII)Ljava/lang/Class; name or signature does not match> (0x00000000d5e07cd8) thrown at [C:\re\workspace\8-2-build-windows-amd64-cygwin\jdk8u91\6644\hotspot\sr≤÷+¶3ó?
Event: 0.023 Thread 0x000000000067e000 Exception <a 'java/lang/NoSuchMethodError': Method sun.misc.Unsafe.prefetchRead(Ljava/lang/Object;J)V name or signature does not match> (0x00000000d5e07fc0) thrown at [C:\re\workspace\8-2-build-windows-amd64-cygwin\jdk8u91\6644\hotspot\src\share\vm\prims\jfŸTè
Event: 0.086 Thread 0x000000000067e000 Exception <a 'java/security/PrivilegedActionException'> (0x00000000d5f3bcb0) thrown at [C:\re\workspace\8-2-build-windows-amd64-cygwin\jdk8u91\6644\hotspot\src\share\vm\prims\jvm.cpp, line 1386]
Event: 0.086 Thread 0x000000000067e000 Exception <a 'java/security/PrivilegedActionException'> (0x00000000d5f3c0a8) thrown at [C:\re\workspace\8-2-build-windows-amd64-cygwin\jdk8u91\6644\hotspot\src\share\vm\prims\jvm.cpp, line 1386]
Event: 0.086 Thread 0x000000000067e000 Exception <a 'java/security/PrivilegedActionException'> (0x00000000d5f400d8) thrown at [C:\re\workspace\8-2-build-windows-amd64-cygwin\jdk8u91\6644\hotspot\src\share\vm\prims\jvm.cpp, line 1386]
Event: 0.086 Thread 0x000000000067e000 Exception <a 'java/security/PrivilegedActionException'> (0x00000000d5f404d0) thrown at [C:\re\workspace\8-2-build-windows-amd64-cygwin\jdk8u91\6644\hotspot\src\share\vm\prims\jvm.cpp, line 1386]
Event: 0.090 Thread 0x000000000067e000 Exception <a 'java/security/PrivilegedActionException'> (0x00000000d5f75c60) thrown at [C:\re\workspace\8-2-build-windows-amd64-cygwin\jdk8u91\6644\hotspot\src\share\vm\prims\jvm.cpp, line 1386]
Event: 0.090 Thread 0x000000000067e000 Exception <a 'java/security/PrivilegedActionException'> (0x00000000d5f76058) thrown at [C:\re\workspace\8-2-build-windows-amd64-cygwin\jdk8u91\6644\hotspot\src\share\vm\prims\jvm.cpp, line 1386]
Event: 0.679 Thread 0x000000000067e000 Exception <a 'java/io/FileNotFoundException'> (0x00000000d5e97ec8) thrown at [C:\re\workspace\8-2-build-windows-amd64-cygwin\jdk8u91\6644\hotspot\src\share\vm\prims\jni.cpp, line 709]
Event: 0.682 Thread 0x000000000067e000 Exception <a 'java/io/FileNotFoundException'> (0x00000000d5ee4708) thrown at [C:\re\workspace\8-2-build-windows-amd64-cygwin\jdk8u91\6644\hotspot\src\share\vm\prims\jni.cpp, line 709]

Events (10 events):
Event: 1.671 Thread 0x000000000067e000 DEOPT PACKING pc=0x0000000002f8999c sp=0x00000000026ccf90
Event: 1.671 Thread 0x000000000067e000 DEOPT UNPACKING pc=0x000000000279582a sp=0x00000000026cce18 mode 2
Event: 1.671 Thread 0x000000000067e000 Uncommon trap: trap_request=0xffffffde fr.pc=0x0000000002f8999c
Event: 1.671 Thread 0x000000000067e000 DEOPT PACKING pc=0x0000000002f8999c sp=0x00000000026ccf90
Event: 1.671 Thread 0x000000000067e000 DEOPT UNPACKING pc=0x000000000279582a sp=0x00000000026cce18 mode 2
Event: 1.671 Thread 0x000000000067e000 Uncommon trap: trap_request=0xffffffde fr.pc=0x0000000002f8999c
Event: 1.671 Thread 0x000000000067e000 DEOPT PACKING pc=0x0000000002f8999c sp=0x00000000026ccf90
Event: 1.671 Thread 0x000000000067e000 DEOPT UNPACKING pc=0x000000000279582a sp=0x00000000026cce18 mode 2
Event: 1.683 Executing VM operation: ParallelGCFailedAllocation
Event: 1.688 Executing VM operation: ParallelGCFailedAllocation done


Dynamic libraries:
0x000000013f3c0000 - 0x000000013f3c7000 	D:\Program Files\Java\jdk1.8.0_91\bin\javadoc.exe
0x0000000077c10000 - 0x0000000077db9000 	C:\Windows\SYSTEM32\ntdll.dll
0x00000000779f0000 - 0x0000000077b0f000 	C:\Windows\system32\kernel32.dll
0x000007fefdc40000 - 0x000007fefdcac000 	C:\Windows\system32\KERNELBASE.dll
0x000000006c860000 - 0x000000006c88f000 	D:\Program Files\Java\jdk1.8.0_91\bin\jli.dll
0x000007feffcc0000 - 0x000007feffd9b000 	C:\Windows\system32\ADVAPI32.dll
0x000007fefe810000 - 0x000007fefe8af000 	C:\Windows\system32\msvcrt.dll
0x000007fefebe0000 - 0x000007fefebff000 	C:\Windows\SYSTEM32\sechost.dll
0x000007fefe430000 - 0x000007fefe55d000 	C:\Windows\system32\RPCRT4.dll
0x000007fefc0c0000 - 0x000007fefc2b4000 	C:\Windows\WinSxS\amd64_microsoft.windows.common-controls_6595b64144ccf1df_6.0.7601.17514_none_fa396087175ac9ac\COMCTL32.dll
0x000007feffc50000 - 0x000007feffcb7000 	C:\Windows\system32\GDI32.dll
0x0000000077b10000 - 0x0000000077c0a000 	C:\Windows\system32\USER32.dll
0x000007feff990000 - 0x000007feff99e000 	C:\Windows\system32\LPK.dll
0x000007fefe360000 - 0x000007fefe429000 	C:\Windows\system32\USP10.dll
0x000007feffbd0000 - 0x000007feffc41000 	C:\Windows\system32\SHLWAPI.dll
0x0000000078940000 - 0x0000000078a12000 	D:\Program Files\Java\jdk1.8.0_91\bin\MSVCR100.dll
0x000007fefb110000 - 0x000007fefb160000 	C:\Program Files (x86)\2345Soft\2345PCSafe\SafePort64.dll
0x0000000077de0000 - 0x0000000077de7000 	C:\Windows\system32\PSAPI.DLL
0x000007fefe560000 - 0x000007fefe58e000 	C:\Windows\system32\IMM32.DLL
0x000007fefe5f0000 - 0x000007fefe6f9000 	C:\Windows\system32\MSCTF.dll
0x0000000079610000 - 0x00000000796e2000 	D:\Program Files\Java\jdk1.8.0_91\jre\bin\msvcr100.dll
0x0000000070220000 - 0x0000000070ab3000 	D:\Program Files\Java\jdk1.8.0_91\jre\bin\server\jvm.dll
0x000007fef76e0000 - 0x000007fef76e9000 	C:\Windows\system32\WSOCK32.dll
0x000007fefe7c0000 - 0x000007fefe80d000 	C:\Windows\system32\WS2_32.dll
0x000007fefff10000 - 0x000007fefff18000 	C:\Windows\system32\NSI.dll
0x000007fefbb30000 - 0x000007fefbb6b000 	C:\Windows\system32\WINMM.dll
0x000007fefcb40000 - 0x000007fefcb4c000 	C:\Windows\system32\VERSION.dll
0x0000000050140000 - 0x000000005014f000 	D:\Program Files\Java\jdk1.8.0_91\jre\bin\verify.dll
0x0000000050110000 - 0x0000000050139000 	D:\Program Files\Java\jdk1.8.0_91\jre\bin\java.dll
0x00000000500f0000 - 0x0000000050106000 	D:\Program Files\Java\jdk1.8.0_91\jre\bin\zip.dll
0x000007fefec00000 - 0x000007feff988000 	C:\Windows\system32\SHELL32.dll
0x000007fefde10000 - 0x000007fefe013000 	C:\Windows\system32\ole32.dll
0x000007fefda60000 - 0x000007fefda6f000 	C:\Windows\system32\profapi.dll

VM Arguments:
jvm_args: -Denv.class.path=D:\Projects\Demo\XyLibrary\\gradle\wrapper\gradle-wrapper.jar -Dapplication.home=D:\Program Files\Java\jdk1.8.0_91 -Xms8m 
java_command: com.sun.tools.javadoc.Main @D:\Projects\Demo\XyLibrary\xylibrary\build\tmp\javadoc\javadoc.options
java_class_path (initial): D:\Program Files\Java\jdk1.8.0_91/lib/tools.jar;D:\Program Files\Java\jdk1.8.0_91/classes
Launcher Type: SUN_STANDARD

Environment Variables:
JAVA_HOME=D:\Program Files\Java\jdk1.8.0_91
CLASSPATH=D:\Projects\Demo\XyLibrary\\gradle\wrapper\gradle-wrapper.jar
PATH=C:\ProgramData\Oracle\Java\javapath;C:\Windows\system32;C:\Windows;C:\Windows\System32\Wbem;C:\Windows\System32\WindowsPowerShell\v1.0\;D:\Program Files\Java\jdk1.8.0_91\bin;D:\Program Files\Java\jdk1.8.0_91\jre\bin;D:\Program Files\TortoiseSVN\bin;D:\RN\nodejs\;D:\Program Files\python;C:\Program Files (x86)\Windows Kits\8.1\Windows Performance Toolkit\;C:\Program Files\Microsoft SQL Server\110\Tools\Binn\;D:\Android\sdk;D:\Android\sdk\tools;D:\Android\sdk\tools\git\bin;D:\Android\sdk\platform-tools;D:\RN;D:\Android\ndk-r11b;D:\Program Files (x86)\Git\cmd;C:\Users\XY\AppData\Roaming\npm
USERNAME=XY
OS=Windows_NT
PROCESSOR_IDENTIFIER=Intel64 Family 6 Model 94 Stepping 3, GenuineIntel



---------------  S Y S T E M  ---------------

OS: Windows 7 , 64 bit Build 7601 (6.1.7601.18409)

CPU:total 4 (4 cores per cpu, 1 threads per core) family 6 model 94 stepping 3, cmov, cx8, fxsr, mmx, sse, sse2, sse3, ssse3, sse4.1, sse4.2, popcnt, avx, avx2, aes, clmul, erms, rtm, 3dnowpref, lzcnt, tsc, tscinvbit, bmi1, bmi2, adx

Memory: 4k page, physical 8277096k(741308k free), swap 9513552k(5668k free)

vm_info: Java HotSpot(TM) 64-Bit Server VM (25.91-b14) for windows-amd64 JRE (1.8.0_91-b14), built on Apr  1 2016 00:58:32 by "java_re" with MS VC++ 10.0 (VS2010)

time: Thu Dec 01 17:52:38 2016
elapsed time: 1 seconds (0d 0h 0m 1s)

