#
# There is insufficient memory for the Java Runtime Environment to continue.
# Native memory allocation (malloc) failed to allocate 1217616 bytes for Chunk::new
# Possible reasons:
#   The system is out of physical RAM or swap space
#   In 32 bit mode, the process size limit was hit
# Possible solutions:
#   Reduce memory load on the system
#   Increase physical memory or swap space
#   Check if swap backing store is full
#   Use 64 bit Java on a 64 bit OS
#   Decrease Java heap size (-Xmx/-Xms)
#   Decrease number of Java threads
#   Decrease Java thread stack sizes (-Xss)
#   Set larger code cache with -XX:ReservedCodeCacheSize=
# This output file may be truncated or incomplete.
#
#  Out of Memory Error (allocation.cpp:390), pid=30972, tid=31644
#
# JRE version: Java(TM) SE Runtime Environment (8.0_91-b14) (build 1.8.0_91-b14)
# Java VM: Java HotSpot(TM) 64-Bit Server VM (25.91-b14 mixed mode windows-amd64 compressed oops)
# Failed to write core dump. Minidumps are not enabled by default on client versions of Windows
#

---------------  T H R E A D  ---------------

Current thread (0x0000000018978000):  JavaThread "C2 CompilerThread1" daemon [_thread_in_native, id=31644, stack(0x0000000019360000,0x0000000019460000)]

Stack: [0x0000000019360000,0x0000000019460000]
[error occurred during error reporting (printing stack bounds), id 0xc0000005]

Native frames: (J=compiled Java code, j=interpreted, Vv=VM code, C=native code)


Current CompileTask:
C2:   1981 2251       4       com.sun.tools.doclets.internal.toolkit.util.Util::executableMembersEqual (207 bytes)


---------------  P R O C E S S  ---------------

Java Threads: ( => current thread )
  0x00000000189f7000 JavaThread "Service Thread" daemon [_thread_blocked, id=30044, stack(0x00000000197c0000,0x00000000198c0000)]
  0x0000000018981000 JavaThread "C1 CompilerThread2" daemon [_thread_blocked, id=30520, stack(0x0000000019580000,0x0000000019680000)]
=>0x0000000018978000 JavaThread "C2 CompilerThread1" daemon [_thread_in_native, id=31644, stack(0x0000000019360000,0x0000000019460000)]
  0x00000000176bc000 JavaThread "C2 CompilerThread0" daemon [_thread_blocked, id=29896, stack(0x00000000191d0000,0x00000000192d0000)]
  0x000000001896a800 JavaThread "Attach Listener" daemon [_thread_blocked, id=30692, stack(0x0000000019010000,0x0000000019110000)]
  0x00000000176ad000 JavaThread "Signal Dispatcher" daemon [_thread_blocked, id=29836, stack(0x0000000018e10000,0x0000000018f10000)]
  0x0000000017699000 JavaThread "Finalizer" daemon [_thread_blocked, id=31532, stack(0x0000000018860000,0x0000000018960000)]
  0x0000000017652000 JavaThread "Reference Handler" daemon [_thread_blocked, id=31484, stack(0x00000000186e0000,0x00000000187e0000)]
  0x0000000001eee000 JavaThread "main" [_thread_blocked, id=31248, stack(0x0000000002870000,0x0000000002970000)]

Other Threads:
  0x000000001764a800 VMThread [stack: 0x0000000018530000,0x0000000018630000] [id=31200]
  0x0000000018a6d000 WatcherThread [stack: 0x0000000018f10000,0x0000000019010000] [id=29324]

VM state:at safepoint (normal execution)

VM Mutex/Monitor currently owned by a thread:  ([mutex/lock_event])
[0x0000000001eec420] Threads_lock - owner thread: 0x000000001764a800
[0x0000000001eec920] Heap_lock - owner thread: 0x0000000001eee000

Heap:
 PSYoungGen      total 30208K, used 20480K [0x00000000d5e00000, 0x00000000d8880000, 0x0000000100000000)
  eden space 20480K, 100% used [0x00000000d5e00000,0x00000000d7200000,0x00000000d7200000)
  from space 9728K, 0% used [0x00000000d7f00000,0x00000000d7f00000,0x00000000d8880000)
  to   space 7680K, 0% used [0x00000000d7200000,0x00000000d7200000,0x00000000d7980000)
 ParOldGen       total 16896K, used 16716K [0x0000000081a00000, 0x0000000082a80000, 0x00000000d5e00000)
  object space 16896K, 98% used [0x0000000081a00000,0x0000000082a530a8,0x0000000082a80000)
 Metaspace       used 12982K, capacity 13116K, committed 13312K, reserved 1060864K
  class space    used 1461K, capacity 1496K, committed 1536K, reserved 1048576K

Card table byte_map: [0x0000000011d30000,0x0000000012130000] byte_map_base: 0x0000000011923000

Marking Bits: (ParMarkBitMap*) 0x0000000070482f70
 Begin Bits: [0x0000000012990000, 0x0000000014928000)
 End Bits:   [0x0000000014928000, 0x00000000168c0000)

Polling page: 0x0000000000150000

CodeCache: size=245760Kb used=9185Kb max_used=9185Kb free=236574Kb
 bounds [0x0000000002970000, 0x0000000003270000, 0x0000000011970000]
 total_blobs=2603 nmethods=2259 adapters=256
 compilation: enabled

Compilation events (10 events):
Event: 1.976 Thread 0x0000000018981000 2275       3       java.util.regex.Pattern$SliceNode::study (37 bytes)
Event: 1.976 Thread 0x0000000018981000 nmethod 2275 0x000000000325efd0 code [0x000000000325f140, 0x000000000325f388]
Event: 1.976 Thread 0x0000000018981000 2272       3       com.sun.tools.javadoc.MethodDocImpl::overriddenMethod (154 bytes)
Event: 1.977 Thread 0x0000000018981000 nmethod 2272 0x000000000326ad10 code [0x000000000326afe0, 0x000000000326c528]
Event: 1.977 Thread 0x0000000018981000 2273       3       java.util.TreeMap::successor (66 bytes)
Event: 1.977 Thread 0x0000000018981000 nmethod 2273 0x000000000326cf90 code [0x000000000326d120, 0x000000000326d490]
Event: 1.977 Thread 0x0000000018981000 2274       3       com.sun.tools.doclets.formats.html.markup.HtmlTree::A (38 bytes)
Event: 1.977 Thread 0x0000000018981000 nmethod 2274 0x000000000326d610 code [0x000000000326d7c0, 0x000000000326dcc8]
Event: 1.977 Thread 0x0000000018981000 2270       3       com.sun.tools.doclets.formats.html.HtmlDocletWriter::getLink (15 bytes)
Event: 1.977 Thread 0x0000000018981000 nmethod 2270 0x000000000326ded0 code [0x000000000326e060, 0x000000000326e3e8]

GC Heap History (10 events):
Event: 1.654 GC heap after
Heap after GC invocations=15 (full 5):
 PSYoungGen      total 30208K, used 3701K [0x00000000d5e00000, 0x00000000d8880000, 0x0000000100000000)
  eden space 20480K, 18% used [0x00000000d5e00000,0x00000000d619d4e0,0x00000000d7200000)
  from space 9728K, 0% used [0x00000000d7f00000,0x00000000d7f00000,0x00000000d8880000)
  to   space 7680K, 0% used [0x00000000d7200000,0x00000000d7200000,0x00000000d7980000)
 ParOldGen       total 16896K, used 16758K [0x0000000081a00000, 0x0000000082a80000, 0x00000000d5e00000)
  object space 16896K, 99% used [0x0000000081a00000,0x0000000082a5daa8,0x0000000082a80000)
 Metaspace       used 12878K, capacity 13052K, committed 13312K, reserved 1060864K
  class space    used 1459K, capacity 1496K, committed 1536K, reserved 1048576K
}
Event: 1.700 GC heap before
{Heap before GC invocations=16 (full 6):
 PSYoungGen      total 30208K, used 20480K [0x00000000d5e00000, 0x00000000d8880000, 0x0000000100000000)
  eden space 20480K, 100% used [0x00000000d5e00000,0x00000000d7200000,0x00000000d7200000)
  from space 9728K, 0% used [0x00000000d7f00000,0x00000000d7f00000,0x00000000d8880000)
  to   space 7680K, 0% used [0x00000000d7200000,0x00000000d7200000,0x00000000d7980000)
 ParOldGen       total 16896K, used 16758K [0x0000000081a00000, 0x0000000082a80000, 0x00000000d5e00000)
  object space 16896K, 99% used [0x0000000081a00000,0x0000000082a5daa8,0x0000000082a80000)
 Metaspace       used 12919K, capacity 13116K, committed 13312K, reserved 1060864K
  class space    used 1459K, capacity 1496K, committed 1536K, reserved 1048576K
Event: 1.723 GC heap after
Heap after GC invocations=16 (full 6):
 PSYoungGen      total 30208K, used 4052K [0x00000000d5e00000, 0x00000000d8880000, 0x0000000100000000)
  eden space 20480K, 19% used [0x00000000d5e00000,0x00000000d61f50e0,0x00000000d7200000)
  from space 9728K, 0% used [0x00000000d7f00000,0x00000000d7f00000,0x00000000d8880000)
  to   space 7680K, 0% used [0x00000000d7200000,0x00000000d7200000,0x00000000d7980000)
 ParOldGen       total 16896K, used 16758K [0x0000000081a00000, 0x0000000082a80000, 0x00000000d5e00000)
  object space 16896K, 99% used [0x0000000081a00000,0x0000000082a5d980,0x0000000082a80000)
 Metaspace       used 12919K, capacity 13116K, committed 13312K, reserved 1060864K
  class space    used 1459K, capacity 1496K, committed 1536K, reserved 1048576K
}
Event: 1.756 GC heap before
{Heap before GC invocations=17 (full 7):
 PSYoungGen      total 30208K, used 20480K [0x00000000d5e00000, 0x00000000d8880000, 0x0000000100000000)
  eden space 20480K, 100% used [0x00000000d5e00000,0x00000000d7200000,0x00000000d7200000)
  from space 9728K, 0% used [0x00000000d7f00000,0x00000000d7f00000,0x00000000d8880000)
  to   space 7680K, 0% used [0x00000000d7200000,0x00000000d7200000,0x00000000d7980000)
 ParOldGen       total 16896K, used 16758K [0x0000000081a00000, 0x0000000082a80000, 0x00000000d5e00000)
  object space 16896K, 99% used [0x0000000081a00000,0x0000000082a5d980,0x0000000082a80000)
 Metaspace       used 12932K, capacity 13116K, committed 13312K, reserved 1060864K
  class space    used 1459K, capacity 1496K, committed 1536K, reserved 1048576K
Event: 1.782 GC heap after
Heap after GC invocations=17 (full 7):
 PSYoungGen      total 30208K, used 4156K [0x00000000d5e00000, 0x00000000d8880000, 0x0000000100000000)
  eden space 20480K, 20% used [0x00000000d5e00000,0x00000000d620f130,0x00000000d7200000)
  from space 9728K, 0% used [0x00000000d7f00000,0x00000000d7f00000,0x00000000d8880000)
  to   space 7680K, 0% used [0x00000000d7200000,0x00000000d7200000,0x00000000d7980000)
 ParOldGen       total 16896K, used 16758K [0x0000000081a00000, 0x0000000082a80000, 0x00000000d5e00000)
  object space 16896K, 99% used [0x0000000081a00000,0x0000000082a5d948,0x0000000082a80000)
 Metaspace       used 12932K, capacity 13116K, committed 13312K, reserved 1060864K
  class space    used 1459K, capacity 1496K, committed 1536K, reserved 1048576K
}
Event: 1.814 GC heap before
{Heap before GC invocations=18 (full 8):
 PSYoungGen      total 30208K, used 20480K [0x00000000d5e00000, 0x00000000d8880000, 0x0000000100000000)
  eden space 20480K, 100% used [0x00000000d5e00000,0x00000000d7200000,0x00000000d7200000)
  from space 9728K, 0% used [0x00000000d7f00000,0x00000000d7f00000,0x00000000d8880000)
  to   space 7680K, 0% used [0x00000000d7200000,0x00000000d7200000,0x00000000d7980000)
 ParOldGen       total 16896K, used 16758K [0x0000000081a00000, 0x0000000082a80000, 0x00000000d5e00000)
  object space 16896K, 99% used [0x0000000081a00000,0x0000000082a5d948,0x0000000082a80000)
 Metaspace       used 12933K, capacity 13116K, committed 13312K, reserved 1060864K
  class space    used 1459K, capacity 1496K, committed 1536K, reserved 1048576K
Event: 1.838 GC heap after
Heap after GC invocations=18 (full 8):
 PSYoungGen      total 30208K, used 4158K [0x00000000d5e00000, 0x00000000d8880000, 0x0000000100000000)
  eden space 20480K, 20% used [0x00000000d5e00000,0x00000000d620f9c8,0x00000000d7200000)
  from space 9728K, 0% used [0x00000000d7f00000,0x00000000d7f00000,0x00000000d8880000)
  to   space 7680K, 0% used [0x00000000d7200000,0x00000000d7200000,0x00000000d7980000)
 ParOldGen       total 16896K, used 16758K [0x0000000081a00000, 0x0000000082a80000, 0x00000000d5e00000)
  object space 16896K, 99% used [0x0000000081a00000,0x0000000082a5d948,0x0000000082a80000)
 Metaspace       used 12933K, capacity 13116K, committed 13312K, reserved 1060864K
  class space    used 1459K, capacity 1496K, committed 1536K, reserved 1048576K
}
Event: 1.900 GC heap before
{Heap before GC invocations=19 (full 9):
 PSYoungGen      total 30208K, used 20480K [0x00000000d5e00000, 0x00000000d8880000, 0x0000000100000000)
  eden space 20480K, 100% used [0x00000000d5e00000,0x00000000d7200000,0x00000000d7200000)
  from space 9728K, 0% used [0x00000000d7f00000,0x00000000d7f00000,0x00000000d8880000)
  to   space 7680K, 0% used [0x00000000d7200000,0x00000000d7200000,0x00000000d7980000)
 ParOldGen       total 16896K, used 16758K [0x0000000081a00000, 0x0000000082a80000, 0x00000000d5e00000)
  object space 16896K, 99% used [0x0000000081a00000,0x0000000082a5d948,0x0000000082a80000)
 Metaspace       used 12941K, capacity 13116K, committed 13312K, reserved 1060864K
  class space    used 1459K, capacity 1496K, committed 1536K, reserved 1048576K
Event: 1.926 GC heap after
Heap after GC invocations=19 (full 9):
 PSYoungGen      total 30208K, used 3739K [0x00000000d5e00000, 0x00000000d8880000, 0x0000000100000000)
  eden space 20480K, 18% used [0x00000000d5e00000,0x00000000d61a6ec8,0x00000000d7200000)
  from space 9728K, 0% used [0x00000000d7f00000,0x00000000d7f00000,0x00000000d8880000)
  to   space 7680K, 0% used [0x00000000d7200000,0x00000000d7200000,0x00000000d7980000)
 ParOldGen       total 16896K, used 16716K [0x0000000081a00000, 0x0000000082a80000, 0x00000000d5e00000)
  object space 16896K, 98% used [0x0000000081a00000,0x0000000082a530a8,0x0000000082a80000)
 Metaspace       used 12941K, capacity 13116K, committed 13312K, reserved 1060864K
  class space    used 1459K, capacity 1496K, committed 1536K, reserved 1048576K
}
Event: 1.978 GC heap before
{Heap before GC invocations=20 (full 10):
 PSYoungGen      total 30208K, used 20480K [0x00000000d5e00000, 0x00000000d8880000, 0x0000000100000000)
  eden space 20480K, 100% used [0x00000000d5e00000,0x00000000d7200000,0x00000000d7200000)
  from space 9728K, 0% used [0x00000000d7f00000,0x00000000d7f00000,0x00000000d8880000)
  to   space 7680K, 0% used [0x00000000d7200000,0x00000000d7200000,0x00000000d7980000)
 ParOldGen       total 16896K, used 16716K [0x0000000081a00000, 0x0000000082a80000, 0x00000000d5e00000)
  object space 16896K, 98% used [0x0000000081a00000,0x0000000082a530a8,0x0000000082a80000)
 Metaspace       used 12982K, capacity 13116K, committed 13312K, reserved 1060864K
  class space    used 1461K, capacity 1496K, committed 1536K, reserved 1048576K

Deoptimization events (10 events):
Event: 1.407 Thread 0x0000000001eee000 Uncommon trap: reason=class_check action=maybe_recompile pc=0x0000000002ef8094 method=java.util.HashMap.putVal(ILjava/lang/Object;Ljava/lang/Object;ZZ)Ljava/lang/Object; @ 253
Event: 1.407 Thread 0x0000000001eee000 Uncommon trap: reason=class_check action=maybe_recompile pc=0x0000000002ef756c method=java.util.HashMap.putVal(ILjava/lang/Object;Ljava/lang/Object;ZZ)Ljava/lang/Object; @ 253
Event: 1.447 Thread 0x0000000001eee000 Uncommon trap: reason=unstable_if action=reinterpret pc=0x000000000313110c method=com.sun.tools.doclets.internal.toolkit.util.Util.executableMembersEqual(Lcom/sun/javadoc/ExecutableMemberDoc;Lcom/sun/javadoc/ExecutableMemberDoc;)Z @ 41
Event: 1.655 Thread 0x0000000001eee000 Uncommon trap: reason=unstable_if action=reinterpret pc=0x00000000031ab8d4 method=com.sun.tools.javadoc.ClassDocImpl.isIncluded()Z @ 20
Event: 1.659 Thread 0x0000000001eee000 Uncommon trap: reason=predicate action=maybe_recompile pc=0x00000000031ac758 method=com.sun.tools.javac.util.List.toArray([Ljava/lang/Object;)[Ljava/lang/Object; @ 14
Event: 1.856 Thread 0x0000000001eee000 Uncommon trap: reason=class_check action=maybe_recompile pc=0x00000000031982e8 method=com.sun.tools.javac.code.Types.memberType(Lcom/sun/tools/javac/code/Type;Lcom/sun/tools/javac/code/Symbol;)Lcom/sun/tools/javac/code/Type; @ 29
Event: 1.856 Thread 0x0000000001eee000 Uncommon trap: reason=class_check action=maybe_recompile pc=0x00000000031983e4 method=com.sun.tools.javac.code.Types.memberType(Lcom/sun/tools/javac/code/Type;Lcom/sun/tools/javac/code/Symbol;)Lcom/sun/tools/javac/code/Type; @ 29
Event: 1.856 Thread 0x0000000001eee000 Uncommon trap: reason=class_check action=maybe_recompile pc=0x00000000031983e4 method=com.sun.tools.javac.code.Types.memberType(Lcom/sun/tools/javac/code/Type;Lcom/sun/tools/javac/code/Symbol;)Lcom/sun/tools/javac/code/Type; @ 29
Event: 1.856 Thread 0x0000000001eee000 Uncommon trap: reason=class_check action=maybe_recompile pc=0x00000000031983e4 method=com.sun.tools.javac.code.Types.memberType(Lcom/sun/tools/javac/code/Type;Lcom/sun/tools/javac/code/Symbol;)Lcom/sun/tools/javac/code/Type; @ 29
Event: 1.952 Thread 0x0000000001eee000 Uncommon trap: reason=unstable_if action=reinterpret pc=0x0000000003239424 method=com.sun.tools.doclets.internal.toolkit.util.Util.executableMembersEqual(Lcom/sun/javadoc/ExecutableMemberDoc;Lcom/sun/javadoc/ExecutableMemberDoc;)Z @ 67

Internal exceptions (10 events):
Event: 0.025 Thread 0x0000000001eee000 Exception <a 'java/lang/NoSuchMethodError': Method sun.misc.Unsafe.defineClass(Ljava/lang/String;[BII)Ljava/lang/Class; name or signature does not match> (0x00000000d5e07cd8) thrown at [C:\re\workspace\8-2-build-windows-amd64-cygwin\jdk8u91\6644\hotspot\sr%d‚×Oä™?
Event: 0.025 Thread 0x0000000001eee000 Exception <a 'java/lang/NoSuchMethodError': Method sun.misc.Unsafe.prefetchRead(Ljava/lang/Object;J)V name or signature does not match> (0x00000000d5e07fc0) thrown at [C:\re\workspace\8-2-build-windows-amd64-cygwin\jdk8u91\6644\hotspot\src\share\vm\prims\j•un@¸?
Event: 0.095 Thread 0x0000000001eee000 Exception <a 'java/security/PrivilegedActionException'> (0x00000000d5f3bcb0) thrown at [C:\re\workspace\8-2-build-windows-amd64-cygwin\jdk8u91\6644\hotspot\src\share\vm\prims\jvm.cpp, line 1386]
Event: 0.095 Thread 0x0000000001eee000 Exception <a 'java/security/PrivilegedActionException'> (0x00000000d5f3c0a8) thrown at [C:\re\workspace\8-2-build-windows-amd64-cygwin\jdk8u91\6644\hotspot\src\share\vm\prims\jvm.cpp, line 1386]
Event: 0.095 Thread 0x0000000001eee000 Exception <a 'java/security/PrivilegedActionException'> (0x00000000d5f400d8) thrown at [C:\re\workspace\8-2-build-windows-amd64-cygwin\jdk8u91\6644\hotspot\src\share\vm\prims\jvm.cpp, line 1386]
Event: 0.095 Thread 0x0000000001eee000 Exception <a 'java/security/PrivilegedActionException'> (0x00000000d5f404d0) thrown at [C:\re\workspace\8-2-build-windows-amd64-cygwin\jdk8u91\6644\hotspot\src\share\vm\prims\jvm.cpp, line 1386]
Event: 0.099 Thread 0x0000000001eee000 Exception <a 'java/security/PrivilegedActionException'> (0x00000000d5f75c60) thrown at [C:\re\workspace\8-2-build-windows-amd64-cygwin\jdk8u91\6644\hotspot\src\share\vm\prims\jvm.cpp, line 1386]
Event: 0.099 Thread 0x0000000001eee000 Exception <a 'java/security/PrivilegedActionException'> (0x00000000d5f76058) thrown at [C:\re\workspace\8-2-build-windows-amd64-cygwin\jdk8u91\6644\hotspot\src\share\vm\prims\jvm.cpp, line 1386]
Event: 0.722 Thread 0x0000000001eee000 Exception <a 'java/io/FileNotFoundException'> (0x00000000d5f208e0) thrown at [C:\re\workspace\8-2-build-windows-amd64-cygwin\jdk8u91\6644\hotspot\src\share\vm\prims\jni.cpp, line 709]
Event: 0.725 Thread 0x0000000001eee000 Exception <a 'java/io/FileNotFoundException'> (0x00000000d5f6b058) thrown at [C:\re\workspace\8-2-build-windows-amd64-cygwin\jdk8u91\6644\hotspot\src\share\vm\prims\jni.cpp, line 709]

Events (10 events):
Event: 1.900 Executing VM operation: ParallelGCFailedAllocation
Event: 1.926 Executing VM operation: ParallelGCFailedAllocation done
Event: 1.947 loading class com/sun/tools/javadoc/WildcardTypeImpl
Event: 1.947 loading class com/sun/tools/javadoc/WildcardTypeImpl done
Event: 1.948 loading class com/sun/javadoc/WildcardType
Event: 1.948 loading class com/sun/javadoc/WildcardType done
Event: 1.952 Thread 0x0000000001eee000 Uncommon trap: trap_request=0xffffff65 fr.pc=0x0000000003239424
Event: 1.952 Thread 0x0000000001eee000 DEOPT PACKING pc=0x0000000003239424 sp=0x000000000296c470
Event: 1.952 Thread 0x0000000001eee000 DEOPT UNPACKING pc=0x00000000029b582a sp=0x000000000296c460 mode 2
Event: 1.978 Executing VM operation: ParallelGCFailedAllocation


Dynamic libraries:
0x000000013f2c0000 - 0x000000013f2c7000 	D:\Program Files\Java\jdk1.8.0_91\bin\javadoc.exe
0x0000000077c10000 - 0x0000000077db9000 	C:\Windows\SYSTEM32\ntdll.dll
0x00000000779f0000 - 0x0000000077b0f000 	C:\Windows\system32\kernel32.dll
0x000007fefdc40000 - 0x000007fefdcac000 	C:\Windows\system32\KERNELBASE.dll
0x000000006ceb0000 - 0x000000006cedf000 	D:\Program Files\Java\jdk1.8.0_91\bin\jli.dll
0x000007feffcc0000 - 0x000007feffd9b000 	C:\Windows\system32\ADVAPI32.dll
0x000007fefe810000 - 0x000007fefe8af000 	C:\Windows\system32\msvcrt.dll
0x000007fefebe0000 - 0x000007fefebff000 	C:\Windows\SYSTEM32\sechost.dll
0x000007fefe430000 - 0x000007fefe55d000 	C:\Windows\system32\RPCRT4.dll
0x000007fefc0c0000 - 0x000007fefc2b4000 	C:\Windows\WinSxS\amd64_microsoft.windows.common-controls_6595b64144ccf1df_6.0.7601.17514_none_fa396087175ac9ac\COMCTL32.dll
0x000007feffc50000 - 0x000007feffcb7000 	C:\Windows\system32\GDI32.dll
0x0000000077b10000 - 0x0000000077c0a000 	C:\Windows\system32\USER32.dll
0x000007feff990000 - 0x000007feff99e000 	C:\Windows\system32\LPK.dll
0x000007fefe360000 - 0x000007fefe429000 	C:\Windows\system32\USP10.dll
0x000007feffbd0000 - 0x000007feffc41000 	C:\Windows\system32\SHLWAPI.dll
0x0000000078c20000 - 0x0000000078cf2000 	D:\Program Files\Java\jdk1.8.0_91\bin\MSVCR100.dll
0x000007fefb110000 - 0x000007fefb160000 	C:\Program Files (x86)\2345Soft\2345PCSafe\SafePort64.dll
0x0000000077de0000 - 0x0000000077de7000 	C:\Windows\system32\PSAPI.DLL
0x000007fefe560000 - 0x000007fefe58e000 	C:\Windows\system32\IMM32.DLL
0x000007fefe5f0000 - 0x000007fefe6f9000 	C:\Windows\system32\MSCTF.dll
0x0000000078840000 - 0x0000000078912000 	D:\Program Files\Java\jdk1.8.0_91\jre\bin\msvcr100.dll
0x000000006fc70000 - 0x0000000070503000 	D:\Program Files\Java\jdk1.8.0_91\jre\bin\server\jvm.dll
0x000007fef76e0000 - 0x000007fef76e9000 	C:\Windows\system32\WSOCK32.dll
0x000007fefe7c0000 - 0x000007fefe80d000 	C:\Windows\system32\WS2_32.dll
0x000007fefff10000 - 0x000007fefff18000 	C:\Windows\system32\NSI.dll
0x000007fefbb30000 - 0x000007fefbb6b000 	C:\Windows\system32\WINMM.dll
0x000007fefcb40000 - 0x000007fefcb4c000 	C:\Windows\system32\VERSION.dll
0x0000000050140000 - 0x000000005014f000 	D:\Program Files\Java\jdk1.8.0_91\jre\bin\verify.dll
0x0000000050110000 - 0x0000000050139000 	D:\Program Files\Java\jdk1.8.0_91\jre\bin\java.dll
0x00000000500f0000 - 0x0000000050106000 	D:\Program Files\Java\jdk1.8.0_91\jre\bin\zip.dll
0x000007fefec00000 - 0x000007feff988000 	C:\Windows\system32\SHELL32.dll
0x000007fefde10000 - 0x000007fefe013000 	C:\Windows\system32\ole32.dll
0x000007fefda60000 - 0x000007fefda6f000 	C:\Windows\system32\profapi.dll

VM Arguments:
jvm_args: -Denv.class.path=D:\Projects\Demo\XyLibrary\\gradle\wrapper\gradle-wrapper.jar -Dapplication.home=D:\Program Files\Java\jdk1.8.0_91 -Xms8m 
java_command: com.sun.tools.javadoc.Main @D:\Projects\Demo\XyLibrary\xylibrary\build\tmp\javadoc\javadoc.options
java_class_path (initial): D:\Program Files\Java\jdk1.8.0_91/lib/tools.jar;D:\Program Files\Java\jdk1.8.0_91/classes
Launcher Type: SUN_STANDARD

Environment Variables:
JAVA_HOME=D:\Program Files\Java\jdk1.8.0_91
CLASSPATH=D:\Projects\Demo\XyLibrary\\gradle\wrapper\gradle-wrapper.jar
PATH=C:\ProgramData\Oracle\Java\javapath;C:\Windows\system32;C:\Windows;C:\Windows\System32\Wbem;C:\Windows\System32\WindowsPowerShell\v1.0\;D:\Program Files\Java\jdk1.8.0_91\bin;D:\Program Files\Java\jdk1.8.0_91\jre\bin;D:\Program Files\TortoiseSVN\bin;D:\RN\nodejs\;D:\Program Files\python;C:\Program Files (x86)\Windows Kits\8.1\Windows Performance Toolkit\;C:\Program Files\Microsoft SQL Server\110\Tools\Binn\;D:\Android\sdk;D:\Android\sdk\tools;D:\Android\sdk\tools\git\bin;D:\Android\sdk\platform-tools;D:\RN;D:\Android\ndk-r11b;D:\Program Files (x86)\Git\cmd;C:\Users\XY\AppData\Roaming\npm
USERNAME=XY
OS=Windows_NT
PROCESSOR_IDENTIFIER=Intel64 Family 6 Model 94 Stepping 3, GenuineIntel



---------------  S Y S T E M  ---------------

OS: Windows 7 , 64 bit Build 7601 (6.1.7601.18409)

CPU:total 4 (4 cores per cpu, 1 threads per core) family 6 model 94 stepping 3, cmov, cx8, fxsr, mmx, sse, sse2, sse3, ssse3, sse4.1, sse4.2, popcnt, avx, avx2, aes, clmul, erms, rtm, 3dnowpref, lzcnt, tsc, tscinvbit, bmi1, bmi2, adx

Memory: 4k page, physical 8277096k(688832k free), swap 9513552k(6264k free)

vm_info: Java HotSpot(TM) 64-Bit Server VM (25.91-b14) for windows-amd64 JRE (1.8.0_91-b14), built on Apr  1 2016 00:58:32 by "java_re" with MS VC++ 10.0 (VS2010)

time: Thu Dec 01 17:52:23 2016
elapsed time: 1 seconds (0d 0h 0m 1s)

