#
# There is insufficient memory for the Java Runtime Environment to continue.
# Native memory allocation (malloc) failed to allocate 1560416 bytes for Chunk::new
# Possible reasons:
#   The system is out of physical RAM or swap space
#   In 32 bit mode, the process size limit was hit
# Possible solutions:
#   Reduce memory load on the system
#   Increase physical memory or swap space
#   Check if swap backing store is full
#   Use 64 bit Java on a 64 bit OS
#   Decrease Java heap size (-Xmx/-Xms)
#   Decrease number of Java threads
#   Decrease Java thread stack sizes (-Xss)
#   Set larger code cache with -XX:ReservedCodeCacheSize=
# This output file may be truncated or incomplete.
#
#  Out of Memory Error (allocation.cpp:390), pid=19056, tid=18928
#
# JRE version: Java(TM) SE Runtime Environment (8.0_91-b14) (build 1.8.0_91-b14)
# Java VM: Java HotSpot(TM) 64-Bit Server VM (25.91-b14 mixed mode windows-amd64 compressed oops)
# Failed to write core dump. Minidumps are not enabled by default on client versions of Windows
#

---------------  T H R E A D  ---------------

Current thread (0x0000000058b48000):  JavaThread "C2 CompilerThread1" daemon [_thread_in_native, id=18928, stack(0x00000000592b0000,0x00000000593b0000)]

Stack: [0x00000000592b0000,0x00000000593b0000]
[error occurred during error reporting (printing stack bounds), id 0xc0000005]

Native frames: (J=compiled Java code, j=interpreted, Vv=VM code, C=native code)


Current CompileTask:
C2:   4767 2957       4       com.sun.tools.javadoc.TypeMaker::getTypeString (141 bytes)


---------------  P R O C E S S  ---------------

Java Threads: ( => current thread )
  0x0000000058bc7800 JavaThread "Service Thread" daemon [_thread_blocked, id=18052, stack(0x0000000059640000,0x0000000059740000)]
  0x0000000058b49000 JavaThread "C1 CompilerThread2" daemon [_thread_blocked, id=18564, stack(0x0000000059490000,0x0000000059590000)]
=>0x0000000058b48000 JavaThread "C2 CompilerThread1" daemon [_thread_in_native, id=18928, stack(0x00000000592b0000,0x00000000593b0000)]
  0x00000000576fc000 JavaThread "C2 CompilerThread0" daemon [_thread_in_native, id=11644, stack(0x00000000584e0000,0x00000000585e0000)]
  0x0000000058b3a800 JavaThread "Attach Listener" daemon [_thread_blocked, id=20308, stack(0x0000000059020000,0x0000000059120000)]
  0x00000000576ed000 JavaThread "Signal Dispatcher" daemon [_thread_blocked, id=19264, stack(0x00000000588a0000,0x00000000589a0000)]
  0x00000000576d9000 JavaThread "Finalizer" daemon [_thread_blocked, id=20132, stack(0x0000000058a30000,0x0000000058b30000)]
  0x0000000057692000 JavaThread "Reference Handler" daemon [_thread_blocked, id=19192, stack(0x0000000058790000,0x0000000058890000)]
  0x0000000001cfe000 JavaThread "main" [_thread_in_Java, id=20204, stack(0x0000000002700000,0x0000000002800000)]

Other Threads:
  0x000000005768a800 VMThread [stack: 0x00000000585f0000,0x00000000586f0000] [id=19840]
  0x0000000058c09800 WatcherThread [stack: 0x0000000059180000,0x0000000059280000] [id=19404]

VM state:not at safepoint (normal execution)

VM Mutex/Monitor currently owned by a thread: None

Heap:
 PSYoungGen      total 75264K, used 33425K [0x00000000d5e00000, 0x00000000db100000, 0x0000000100000000)
  eden space 70656K, 45% used [0x00000000d5e00000,0x00000000d7dbc6b8,0x00000000da300000)
  from space 4608K, 20% used [0x00000000da300000,0x00000000da3e8000,0x00000000da780000)
  to   space 5120K, 0% used [0x00000000da780000,0x00000000da780000,0x00000000dac80000)
 ParOldGen       total 30720K, used 21481K [0x0000000081a00000, 0x0000000083800000, 0x00000000d5e00000)
  object space 30720K, 69% used [0x0000000081a00000,0x0000000082efa6c0,0x0000000083800000)
 Metaspace       used 13648K, capacity 13958K, committed 14208K, reserved 1062912K
  class space    used 1491K, capacity 1567K, committed 1664K, reserved 1048576K

Card table byte_map: [0x0000000011bc0000,0x0000000011fc0000] byte_map_base: 0x00000000117b3000

Marking Bits: (ParMarkBitMap*) 0x00000000709f2f70
 Begin Bits: [0x00000000129d0000, 0x0000000014968000)
 End Bits:   [0x0000000014968000, 0x0000000016900000)

Polling page: 0x0000000001c80000

CodeCache: size=245760Kb used=12417Kb max_used=12438Kb free=233342Kb
 bounds [0x0000000002800000, 0x0000000003440000, 0x0000000011800000]
 total_blobs=3287 nmethods=2943 adapters=256
 compilation: enabled

Compilation events (10 events):
Event: 4.630 Thread 0x0000000058b49000 2967       3       com.sun.tools.doclets.internal.toolkit.util.VisibleMemberMap$ClassMembers::mapClass (153 bytes)
Event: 4.631 Thread 0x0000000058b49000 nmethod 2967 0x0000000003419350 code [0x0000000003419620, 0x000000000341a9c8]
Event: 4.631 Thread 0x0000000058b49000 2968       3       com.sun.tools.javadoc.ClassDocImpl::methods (151 bytes)
Event: 4.632 Thread 0x0000000058b49000 nmethod 2968 0x00000000033c7990 code [0x00000000033c7be0, 0x00000000033c8ae8]
Event: 4.713 Thread 0x0000000058b48000 nmethod 2947 0x00000000034234d0 code [0x0000000003423ac0, 0x0000000003428e30]
Event: 4.713 Thread 0x0000000058b48000 2969       4       com.sun.tools.doclets.internal.toolkit.util.Util::executableMembersEqual (207 bytes)
Event: 4.734 Thread 0x0000000058b48000 nmethod 2969 0x000000000341cb90 code [0x000000000341cd80, 0x000000000341e228]
Event: 4.734 Thread 0x0000000058b48000 2964       4       com.sun.tools.javac.code.Symbol$ClassSymbol::members (16 bytes)
Event: 4.736 Thread 0x0000000058b48000 nmethod 2964 0x00000000033f0310 code [0x00000000033f0480, 0x00000000033f0758]
Event: 4.736 Thread 0x0000000058b48000 2957       4       com.sun.tools.javadoc.TypeMaker::getTypeString (141 bytes)

GC Heap History (10 events):
Event: 3.505 GC heap before
{Heap before GC invocations=28 (full 3):
 PSYoungGen      total 62976K, used 58976K [0x00000000d5e00000, 0x00000000da280000, 0x0000000100000000)
  eden space 57856K, 100% used [0x00000000d5e00000,0x00000000d9680000,0x00000000d9680000)
  from space 5120K, 21% used [0x00000000d9d80000,0x00000000d9e98000,0x00000000da280000)
  to   space 6144K, 0% used [0x00000000d9680000,0x00000000d9680000,0x00000000d9c80000)
 ParOldGen       total 30720K, used 20945K [0x0000000081a00000, 0x0000000083800000, 0x00000000d5e00000)
  object space 30720K, 68% used [0x0000000081a00000,0x0000000082e746c0,0x0000000083800000)
 Metaspace       used 13456K, capacity 13670K, committed 13824K, reserved 1060864K
  class space    used 1484K, capacity 1535K, committed 1536K, reserved 1048576K
Event: 3.508 GC heap after
Heap after GC invocations=28 (full 3):
 PSYoungGen      total 64000K, used 1296K [0x00000000d5e00000, 0x00000000da800000, 0x0000000100000000)
  eden space 57856K, 0% used [0x00000000d5e00000,0x00000000d5e00000,0x00000000d9680000)
  from space 6144K, 21% used [0x00000000d9680000,0x00000000d97c4010,0x00000000d9c80000)
  to   space 5632K, 0% used [0x00000000da280000,0x00000000da280000,0x00000000da800000)
 ParOldGen       total 30720K, used 20945K [0x0000000081a00000, 0x0000000083800000, 0x00000000d5e00000)
  object space 30720K, 68% used [0x0000000081a00000,0x0000000082e746c0,0x0000000083800000)
 Metaspace       used 13456K, capacity 13670K, committed 13824K, reserved 1060864K
  class space    used 1484K, capacity 1535K, committed 1536K, reserved 1048576K
}
Event: 3.741 GC heap before
{Heap before GC invocations=29 (full 3):
 PSYoungGen      total 64000K, used 59152K [0x00000000d5e00000, 0x00000000da800000, 0x0000000100000000)
  eden space 57856K, 100% used [0x00000000d5e00000,0x00000000d9680000,0x00000000d9680000)
  from space 6144K, 21% used [0x00000000d9680000,0x00000000d97c4010,0x00000000d9c80000)
  to   space 5632K, 0% used [0x00000000da280000,0x00000000da280000,0x00000000da800000)
 ParOldGen       total 30720K, used 20945K [0x0000000081a00000, 0x0000000083800000, 0x00000000d5e00000)
  object space 30720K, 68% used [0x0000000081a00000,0x0000000082e746c0,0x0000000083800000)
 Metaspace       used 13593K, capacity 13830K, committed 13952K, reserved 1060864K
  class space    used 1491K, capacity 1567K, committed 1664K, reserved 1048576K
Event: 3.757 GC heap after
Heap after GC invocations=29 (full 3):
 PSYoungGen      total 69120K, used 960K [0x00000000d5e00000, 0x00000000da780000, 0x0000000100000000)
  eden space 64000K, 0% used [0x00000000d5e00000,0x00000000d5e00000,0x00000000d9c80000)
  from space 5120K, 18% used [0x00000000da280000,0x00000000da370000,0x00000000da780000)
  to   space 5632K, 0% used [0x00000000d9c80000,0x00000000d9c80000,0x00000000da200000)
 ParOldGen       total 30720K, used 20953K [0x0000000081a00000, 0x0000000083800000, 0x00000000d5e00000)
  object space 30720K, 68% used [0x0000000081a00000,0x0000000082e766c0,0x0000000083800000)
 Metaspace       used 13593K, capacity 13830K, committed 13952K, reserved 1060864K
  class space    used 1491K, capacity 1567K, committed 1664K, reserved 1048576K
}
Event: 4.027 GC heap before
{Heap before GC invocations=30 (full 3):
 PSYoungGen      total 69120K, used 64960K [0x00000000d5e00000, 0x00000000da780000, 0x0000000100000000)
  eden space 64000K, 100% used [0x00000000d5e00000,0x00000000d9c80000,0x00000000d9c80000)
  from space 5120K, 18% used [0x00000000da280000,0x00000000da370000,0x00000000da780000)
  to   space 5632K, 0% used [0x00000000d9c80000,0x00000000d9c80000,0x00000000da200000)
 ParOldGen       total 30720K, used 20953K [0x0000000081a00000, 0x0000000083800000, 0x00000000d5e00000)
  object space 30720K, 68% used [0x0000000081a00000,0x0000000082e766c0,0x0000000083800000)
 Metaspace       used 13641K, capacity 13958K, committed 14208K, reserved 1062912K
  class space    used 1491K, capacity 1567K, committed 1664K, reserved 1048576K
Event: 4.033 GC heap after
Heap after GC invocations=30 (full 3):
 PSYoungGen      total 69632K, used 1504K [0x00000000d5e00000, 0x00000000dac80000, 0x0000000100000000)
  eden space 64000K, 0% used [0x00000000d5e00000,0x00000000d5e00000,0x00000000d9c80000)
  from space 5632K, 26% used [0x00000000d9c80000,0x00000000d9df8000,0x00000000da200000)
  to   space 5120K, 0% used [0x00000000da780000,0x00000000da780000,0x00000000dac80000)
 ParOldGen       total 30720K, used 20953K [0x0000000081a00000, 0x0000000083800000, 0x00000000d5e00000)
  object space 30720K, 68% used [0x0000000081a00000,0x0000000082e766c0,0x0000000083800000)
 Metaspace       used 13641K, capacity 13958K, committed 14208K, reserved 1062912K
  class space    used 1491K, capacity 1567K, committed 1664K, reserved 1048576K
}
Event: 4.204 GC heap before
{Heap before GC invocations=31 (full 3):
 PSYoungGen      total 69632K, used 65504K [0x00000000d5e00000, 0x00000000dac80000, 0x0000000100000000)
  eden space 64000K, 100% used [0x00000000d5e00000,0x00000000d9c80000,0x00000000d9c80000)
  from space 5632K, 26% used [0x00000000d9c80000,0x00000000d9df8000,0x00000000da200000)
  to   space 5120K, 0% used [0x00000000da780000,0x00000000da780000,0x00000000dac80000)
 ParOldGen       total 30720K, used 20953K [0x0000000081a00000, 0x0000000083800000, 0x00000000d5e00000)
  object space 30720K, 68% used [0x0000000081a00000,0x0000000082e766c0,0x0000000083800000)
 Metaspace       used 13644K, capacity 13958K, committed 14208K, reserved 1062912K
  class space    used 1491K, capacity 1567K, committed 1664K, reserved 1048576K
Event: 4.439 GC heap after
Heap after GC invocations=31 (full 3):
 PSYoungGen      total 75776K, used 1600K [0x00000000d5e00000, 0x00000000db100000, 0x0000000100000000)
  eden space 70656K, 0% used [0x00000000d5e00000,0x00000000d5e00000,0x00000000da300000)
  from space 5120K, 31% used [0x00000000da780000,0x00000000da910000,0x00000000dac80000)
  to   space 4608K, 0% used [0x00000000da300000,0x00000000da300000,0x00000000da780000)
 ParOldGen       total 30720K, used 20953K [0x0000000081a00000, 0x0000000083800000, 0x00000000d5e00000)
  object space 30720K, 68% used [0x0000000081a00000,0x0000000082e766c0,0x0000000083800000)
 Metaspace       used 13644K, capacity 13958K, committed 14208K, reserved 1062912K
  class space    used 1491K, capacity 1567K, committed 1664K, reserved 1048576K
}
Event: 4.639 GC heap before
{Heap before GC invocations=32 (full 3):
 PSYoungGen      total 75776K, used 72256K [0x00000000d5e00000, 0x00000000db100000, 0x0000000100000000)
  eden space 70656K, 100% used [0x00000000d5e00000,0x00000000da300000,0x00000000da300000)
  from space 5120K, 31% used [0x00000000da780000,0x00000000da910000,0x00000000dac80000)
  to   space 4608K, 0% used [0x00000000da300000,0x00000000da300000,0x00000000da780000)
 ParOldGen       total 30720K, used 20953K [0x0000000081a00000, 0x0000000083800000, 0x00000000d5e00000)
  object space 30720K, 68% used [0x0000000081a00000,0x0000000082e766c0,0x0000000083800000)
 Metaspace       used 13648K, capacity 13958K, committed 14208K, reserved 1062912K
  class space    used 1491K, capacity 1567K, committed 1664K, reserved 1048576K
Event: 4.653 GC heap after
Heap after GC invocations=32 (full 3):
 PSYoungGen      total 75264K, used 928K [0x00000000d5e00000, 0x00000000db100000, 0x0000000100000000)
  eden space 70656K, 0% used [0x00000000d5e00000,0x00000000d5e00000,0x00000000da300000)
  from space 4608K, 20% used [0x00000000da300000,0x00000000da3e8000,0x00000000da780000)
  to   space 5120K, 0% used [0x00000000da780000,0x00000000da780000,0x00000000dac80000)
 ParOldGen       total 30720K, used 21481K [0x0000000081a00000, 0x0000000083800000, 0x00000000d5e00000)
  object space 30720K, 69% used [0x0000000081a00000,0x0000000082efa6c0,0x0000000083800000)
 Metaspace       used 13648K, capacity 13958K, committed 14208K, reserved 1062912K
  class space    used 1491K, capacity 1567K, committed 1664K, reserved 1048576K
}

Deoptimization events (10 events):
Event: 3.916 Thread 0x0000000001cfe000 Uncommon trap: reason=null_check action=make_not_entrant pc=0x000000000331db54 method=com.sun.tools.javadoc.ClassDocImpl.containingPackage()Lcom/sun/javadoc/PackageDoc; @ 126
Event: 3.938 Thread 0x0000000001cfe000 Uncommon trap: reason=unstable_if action=reinterpret pc=0x00000000032b3188 method=com.sun.tools.javac.code.Type.isCompound()Z @ 7
Event: 4.621 Thread 0x0000000001cfe000 Uncommon trap: reason=unstable_if action=reinterpret pc=0x000000000305b594 method=com.sun.tools.javadoc.DocEnv.translateModifiers(J)I @ 142
Event: 4.621 Thread 0x0000000001cfe000 Uncommon trap: reason=unstable_if action=reinterpret pc=0x00000000030c2b0c method=com.sun.tools.javadoc.DocEnv.translateModifiers(J)I @ 127
Event: 4.622 Thread 0x0000000001cfe000 Uncommon trap: reason=unstable_if action=reinterpret pc=0x00000000030b9048 method=com.sun.tools.javadoc.DocEnv.translateModifiers(J)I @ 127
Event: 4.622 Thread 0x0000000001cfe000 Uncommon trap: reason=unstable_if action=reinterpret pc=0x000000000302ccb8 method=com.sun.tools.javadoc.DocEnv.translateModifiers(J)I @ 127
Event: 4.622 Thread 0x0000000001cfe000 Uncommon trap: reason=unstable_if action=reinterpret pc=0x000000000305e63c method=com.sun.tools.javadoc.DocEnv.translateModifiers(J)I @ 127
Event: 4.622 Thread 0x0000000001cfe000 Uncommon trap: reason=unstable_if action=reinterpret pc=0x000000000304cf34 method=com.sun.tools.javadoc.DocEnv.translateModifiers(J)I @ 127
Event: 4.623 Thread 0x0000000001cfe000 Uncommon trap: reason=unstable_if action=reinterpret pc=0x00000000033daa0c method=com.sun.tools.javadoc.DocEnv.translateModifiers(J)I @ 142
Event: 4.626 Thread 0x0000000001cfe000 Uncommon trap: reason=unstable_if action=reinterpret pc=0x00000000033c43d0 method=com.sun.tools.javadoc.DocEnv.translateModifiers(J)I @ 142

Internal exceptions (10 events):
Event: 0.111 Thread 0x0000000001cfe000 Exception <a 'java/security/PrivilegedActionException'> (0x00000000d5f3c0a8) thrown at [C:\re\workspace\8-2-build-windows-amd64-cygwin\jdk8u91\6644\hotspot\src\share\vm\prims\jvm.cpp, line 1386]
Event: 0.111 Thread 0x0000000001cfe000 Exception <a 'java/security/PrivilegedActionException'> (0x00000000d5f400d8) thrown at [C:\re\workspace\8-2-build-windows-amd64-cygwin\jdk8u91\6644\hotspot\src\share\vm\prims\jvm.cpp, line 1386]
Event: 0.111 Thread 0x0000000001cfe000 Exception <a 'java/security/PrivilegedActionException'> (0x00000000d5f404d0) thrown at [C:\re\workspace\8-2-build-windows-amd64-cygwin\jdk8u91\6644\hotspot\src\share\vm\prims\jvm.cpp, line 1386]
Event: 0.114 Thread 0x0000000001cfe000 Exception <a 'java/security/PrivilegedActionException'> (0x00000000d5f75c60) thrown at [C:\re\workspace\8-2-build-windows-amd64-cygwin\jdk8u91\6644\hotspot\src\share\vm\prims\jvm.cpp, line 1386]
Event: 0.114 Thread 0x0000000001cfe000 Exception <a 'java/security/PrivilegedActionException'> (0x00000000d5f76058) thrown at [C:\re\workspace\8-2-build-windows-amd64-cygwin\jdk8u91\6644\hotspot\src\share\vm\prims\jvm.cpp, line 1386]
Event: 1.071 Thread 0x0000000001cfe000 Exception <a 'java/io/FileNotFoundException'> (0x00000000d5e86680) thrown at [C:\re\workspace\8-2-build-windows-amd64-cygwin\jdk8u91\6644\hotspot\src\share\vm\prims\jni.cpp, line 709]
Event: 1.088 Thread 0x0000000001cfe000 Exception <a 'java/io/FileNotFoundException'> (0x00000000d5eb9d88) thrown at [C:\re\workspace\8-2-build-windows-amd64-cygwin\jdk8u91\6644\hotspot\src\share\vm\prims\jni.cpp, line 709]
Event: 2.854 Thread 0x0000000001cfe000 Implicit null exception at 0x00000000031c0aad to 0x00000000031c0f75
Event: 3.338 Thread 0x0000000001cfe000 Implicit null exception at 0x0000000003292234 to 0x000000000329603d
Event: 3.916 Thread 0x0000000001cfe000 Implicit null exception at 0x000000000331d464 to 0x000000000331db39

Events (10 events):
Event: 4.717 Executing VM operation: RevokeBias
Event: 4.717 Executing VM operation: RevokeBias done
Event: 4.717 Executing VM operation: RevokeBias
Event: 4.717 Executing VM operation: RevokeBias done
Event: 4.717 Executing VM operation: RevokeBias
Event: 4.717 Executing VM operation: RevokeBias done
Event: 4.718 Executing VM operation: RevokeBias
Event: 4.718 Executing VM operation: RevokeBias done
Event: 4.718 Executing VM operation: RevokeBias
Event: 4.718 Executing VM operation: RevokeBias done


Dynamic libraries:
0x000000013fbf0000 - 0x000000013fbf7000 	D:\Program Files\Java\jdk1.8.0_91\bin\javadoc.exe
0x0000000077bd0000 - 0x0000000077d79000 	C:\Windows\SYSTEM32\ntdll.dll
0x0000000077ab0000 - 0x0000000077bcf000 	C:\Windows\system32\kernel32.dll
0x000007fefdbc0000 - 0x000007fefdc2c000 	C:\Windows\system32\KERNELBASE.dll
0x0000000066130000 - 0x000000006615f000 	D:\Program Files\Java\jdk1.8.0_91\bin\jli.dll
0x000007feff660000 - 0x000007feff73b000 	C:\Windows\system32\ADVAPI32.dll
0x000007feff5c0000 - 0x000007feff65f000 	C:\Windows\system32\msvcrt.dll
0x000007fefe760000 - 0x000007fefe77f000 	C:\Windows\SYSTEM32\sechost.dll
0x000007fefe280000 - 0x000007fefe3ad000 	C:\Windows\system32\RPCRT4.dll
0x000007fefc060000 - 0x000007fefc254000 	C:\Windows\WinSxS\amd64_microsoft.windows.common-controls_6595b64144ccf1df_6.0.7601.17514_none_fa396087175ac9ac\COMCTL32.dll
0x000007fefddd0000 - 0x000007fefde37000 	C:\Windows\system32\GDI32.dll
0x00000000779b0000 - 0x0000000077aaa000 	C:\Windows\system32\USER32.dll
0x000007feffe00000 - 0x000007feffe0e000 	C:\Windows\system32\LPK.dll
0x000007feffe10000 - 0x000007feffed9000 	C:\Windows\system32\USP10.dll
0x000007fefe780000 - 0x000007fefe7f1000 	C:\Windows\system32\SHLWAPI.dll
0x00000000607d0000 - 0x00000000608a2000 	D:\Program Files\Java\jdk1.8.0_91\bin\MSVCR100.dll
0x000007fefae70000 - 0x000007fefaec0000 	C:\Program Files (x86)\2345Soft\2345PCSafe\SafePort64.dll
0x0000000077da0000 - 0x0000000077da7000 	C:\Windows\system32\PSAPI.DLL
0x000007feff590000 - 0x000007feff5be000 	C:\Windows\system32\IMM32.DLL
0x000007feff9e0000 - 0x000007feffae9000 	C:\Windows\system32\MSCTF.dll
0x0000000060c90000 - 0x0000000060d62000 	D:\Program Files\Java\jdk1.8.0_91\jre\bin\msvcr100.dll
0x00000000701e0000 - 0x0000000070a73000 	D:\Program Files\Java\jdk1.8.0_91\jre\bin\server\jvm.dll
0x000007feed2c0000 - 0x000007feed2c9000 	C:\Windows\system32\WSOCK32.dll
0x000007fefe710000 - 0x000007fefe75d000 	C:\Windows\system32\WS2_32.dll
0x000007feff9d0000 - 0x000007feff9d8000 	C:\Windows\system32\NSI.dll
0x000007fefbaf0000 - 0x000007fefbb2b000 	C:\Windows\system32\WINMM.dll
0x000007fefcb00000 - 0x000007fefcb0c000 	C:\Windows\system32\VERSION.dll
0x000000006a790000 - 0x000000006a79f000 	D:\Program Files\Java\jdk1.8.0_91\jre\bin\verify.dll
0x000000006a760000 - 0x000000006a789000 	D:\Program Files\Java\jdk1.8.0_91\jre\bin\java.dll
0x000000006a740000 - 0x000000006a756000 	D:\Program Files\Java\jdk1.8.0_91\jre\bin\zip.dll
0x000007fefe800000 - 0x000007feff588000 	C:\Windows\system32\SHELL32.dll
0x000007fefde40000 - 0x000007fefe043000 	C:\Windows\system32\ole32.dll
0x000007fefda10000 - 0x000007fefda1f000 	C:\Windows\system32\profapi.dll

VM Arguments:
jvm_args: -Denv.class.path=D:\Projects\Demo\XyLibrary\\gradle\wrapper\gradle-wrapper.jar -Dapplication.home=D:\Program Files\Java\jdk1.8.0_91 -Xms8m 
java_command: com.sun.tools.javadoc.Main @D:\Projects\Demo\XyLibrary\xylibrary\build\tmp\javadoc\javadoc.options
java_class_path (initial): D:\Program Files\Java\jdk1.8.0_91/lib/tools.jar;D:\Program Files\Java\jdk1.8.0_91/classes
Launcher Type: SUN_STANDARD

Environment Variables:
JAVA_HOME=D:\Program Files\Java\jdk1.8.0_91
CLASSPATH=D:\Projects\Demo\XyLibrary\\gradle\wrapper\gradle-wrapper.jar
PATH=C:\ProgramData\Oracle\Java\javapath;C:\Windows\system32;C:\Windows;C:\Windows\System32\Wbem;C:\Windows\System32\WindowsPowerShell\v1.0\;D:\Program Files\Java\jdk1.8.0_91\bin;D:\Program Files\Java\jdk1.8.0_91\jre\bin;D:\Program Files\TortoiseSVN\bin;D:\RN\nodejs\;D:\Program Files\python;C:\Program Files (x86)\Windows Kits\8.1\Windows Performance Toolkit\;C:\Program Files\Microsoft SQL Server\110\Tools\Binn\;D:\Android\sdk;D:\Android\sdk\tools;D:\Android\sdk\tools\git\bin;D:\Android\sdk\platform-tools;D:\RN;D:\Android\ndk-r11b;D:\Program Files (x86)\Git\cmd;C:\Users\XY\AppData\Roaming\npm
USERNAME=XY
OS=Windows_NT
PROCESSOR_IDENTIFIER=Intel64 Family 6 Model 94 Stepping 3, GenuineIntel



---------------  S Y S T E M  ---------------

OS: Windows 7 , 64 bit Build 7601 (6.1.7601.18409)

CPU:total 4 (4 cores per cpu, 1 threads per core) family 6 model 94 stepping 3, cmov, cx8, fxsr, mmx, sse, sse2, sse3, ssse3, sse4.1, sse4.2, popcnt, avx, avx2, aes, clmul, erms, rtm, 3dnowpref, lzcnt, tsc, tscinvbit, bmi1, bmi2, adx

Memory: 4k page, physical 8277096k(253780k free), swap 10247956k(5440k free)

vm_info: Java HotSpot(TM) 64-Bit Server VM (25.91-b14) for windows-amd64 JRE (1.8.0_91-b14), built on Apr  1 2016 00:58:32 by "java_re" with MS VC++ 10.0 (VS2010)

time: Wed Nov 02 17:06:59 2016
elapsed time: 4 seconds (0d 0h 0m 4s)

